<?xml version="1.0" encoding="UTF-8"?>
<coverage generated="1770483883151" clover="3.2.0">
  <project timestamp="1770483883151" name="All files">
    <metrics statements="235" coveredstatements="172" conditionals="111" coveredconditionals="56" methods="37" coveredmethods="31" elements="383" coveredelements="259" complexity="0" loc="235" ncloc="235" packages="1" files="1" classes="1"/>
    <file name="app.js" path="C:\Users\marku\ApiRest_Htm\js\app.js">
      <metrics statements="235" coveredstatements="172" conditionals="111" coveredconditionals="56" methods="37" coveredmethods="31"/>
      <line num="2" count="11" type="stmt"/>
      <line num="3" count="11" type="stmt"/>
      <line num="11" count="1" type="cond" truecount="1" falsecount="1"/>
      <line num="12" count="1" type="stmt"/>
      <line num="19" count="2" type="cond" truecount="4" falsecount="0"/>
      <line num="20" count="1" type="stmt"/>
      <line num="21" count="1" type="stmt"/>
      <line num="22" count="1" type="cond" truecount="1" falsecount="1"/>
      <line num="26" count="11" type="stmt"/>
      <line num="49" count="11" type="stmt"/>
      <line num="56" count="11" type="stmt"/>
      <line num="59" count="11" type="stmt"/>
      <line num="60" count="11" type="stmt"/>
      <line num="61" count="11" type="stmt"/>
      <line num="66" count="11" type="stmt"/>
      <line num="67" count="11" type="stmt"/>
      <line num="68" count="0" type="cond" truecount="0" falsecount="2"/>
      <line num="72" count="11" type="stmt"/>
      <line num="73" count="0" type="stmt"/>
      <line num="74" count="0" type="stmt"/>
      <line num="82" count="3" type="stmt"/>
      <line num="83" count="3" type="stmt"/>
      <line num="84" count="3" type="stmt"/>
      <line num="85" count="3" type="stmt"/>
      <line num="88" count="3" type="cond" truecount="2" falsecount="1"/>
      <line num="90" count="0" type="stmt"/>
      <line num="94" count="0" type="cond" truecount="0" falsecount="4"/>
      <line num="96" count="0" type="stmt"/>
      <line num="99" count="0" type="cond" truecount="0" falsecount="4"/>
      <line num="100" count="0" type="stmt"/>
      <line num="101" count="0" type="stmt"/>
      <line num="102" count="0" type="stmt"/>
      <line num="105" count="0" type="stmt"/>
      <line num="108" count="1" type="stmt"/>
      <line num="110" count="1" type="stmt"/>
      <line num="111" count="1" type="stmt"/>
      <line num="114" count="2" type="stmt"/>
      <line num="115" count="2" type="stmt"/>
      <line num="121" count="11" type="stmt"/>
      <line num="136" count="11" type="stmt"/>
      <line num="140" count="11" type="stmt"/>
      <line num="141" count="110" type="stmt"/>
      <line num="142" count="110" type="stmt"/>
      <line num="143" count="110" type="stmt"/>
      <line num="149" count="110" type="stmt"/>
      <line num="152" count="110" type="cond" truecount="2" falsecount="0"/>
      <line num="153" count="77" type="stmt"/>
      <line num="155" count="33" type="stmt"/>
      <line num="156" count="33" type="cond" truecount="1" falsecount="1"/>
      <line num="159" count="110" type="stmt"/>
      <line num="161" count="110" type="stmt"/>
      <line num="162" count="1" type="stmt"/>
      <line num="163" count="1" type="cond" truecount="4" falsecount="1"/>
      <line num="164" count="1" type="stmt"/>
      <line num="166" count="0" type="stmt"/>
      <line num="171" count="11" type="stmt"/>
      <line num="176" count="1" type="stmt"/>
      <line num="177" count="1" type="cond" truecount="1" falsecount="1"/>
      <line num="182" count="2" type="stmt"/>
      <line num="184" count="2" type="stmt"/>
      <line num="187" count="2" type="stmt"/>
      <line num="191" count="2" type="cond" truecount="1" falsecount="1"/>
      <line num="194" count="2" type="stmt"/>
      <line num="202" count="1" type="cond" truecount="1" falsecount="1"/>
      <line num="203" count="1" type="stmt"/>
      <line num="206" count="1" type="cond" truecount="1" falsecount="1"/>
      <line num="209" count="1" type="stmt"/>
      <line num="210" count="1" type="stmt"/>
      <line num="211" count="1" type="stmt"/>
      <line num="213" count="1" type="stmt"/>
      <line num="216" count="1" type="stmt"/>
      <line num="217" count="1" type="stmt"/>
      <line num="218" count="1" type="stmt"/>
      <line num="219" count="1" type="stmt"/>
      <line num="225" count="6" type="stmt"/>
      <line num="226" count="6" type="stmt"/>
      <line num="232" count="6" type="stmt"/>
      <line num="233" count="6" type="stmt"/>
      <line num="238" count="37" type="stmt"/>
      <line num="240" count="37" type="stmt"/>
      <line num="250" count="37" type="stmt"/>
      <line num="253" count="37" type="cond" truecount="2" falsecount="0"/>
      <line num="254" count="35" type="stmt"/>
      <line num="256" count="35" type="stmt"/>
      <line num="257" count="34" type="stmt"/>
      <line num="259" count="34" type="cond" truecount="1" falsecount="1"/>
      <line num="260" count="34" type="stmt"/>
      <line num="262" count="0" type="stmt"/>
      <line num="267" count="36" type="stmt"/>
      <line num="268" count="36" type="stmt"/>
      <line num="270" count="36" type="cond" truecount="1" falsecount="1"/>
      <line num="272" count="36" type="stmt"/>
      <line num="273" count="36" type="cond" truecount="1" falsecount="1"/>
      <line num="276" count="1" type="stmt"/>
      <line num="277" count="1" type="stmt"/>
      <line num="282" count="11" type="stmt"/>
      <line num="283" count="11" type="stmt"/>
      <line num="287" count="1" type="stmt"/>
      <line num="288" count="1" type="stmt"/>
      <line num="289" count="1" type="stmt"/>
      <line num="290" count="1" type="cond" truecount="1" falsecount="1"/>
      <line num="293" count="1" type="cond" truecount="1" falsecount="1"/>
      <line num="294" count="1" type="stmt"/>
      <line num="295" count="1" type="stmt"/>
      <line num="298" count="1" type="stmt"/>
      <line num="299" count="1" type="cond" truecount="1" falsecount="1"/>
      <line num="300" count="1" type="stmt"/>
      <line num="301" count="1" type="stmt"/>
      <line num="302" count="1" type="stmt"/>
      <line num="303" count="1" type="stmt"/>
      <line num="308" count="1" type="stmt"/>
      <line num="309" count="1" type="cond" truecount="1" falsecount="1"/>
      <line num="311" count="1" type="stmt"/>
      <line num="313" count="1" type="stmt"/>
      <line num="314" count="1" type="stmt"/>
      <line num="315" count="1" type="stmt"/>
      <line num="317" count="1" type="stmt"/>
      <line num="328" count="1" type="stmt"/>
      <line num="329" count="0" type="stmt"/>
      <line num="332" count="1" type="stmt"/>
      <line num="338" count="2" type="stmt"/>
      <line num="339" count="2" type="cond" truecount="1" falsecount="1"/>
      <line num="342" count="2" type="stmt"/>
      <line num="343" count="2" type="stmt"/>
      <line num="344" count="2" type="stmt"/>
      <line num="345" count="2" type="stmt"/>
      <line num="346" count="2" type="stmt"/>
      <line num="349" count="2" type="cond" truecount="2" falsecount="0"/>
      <line num="350" count="1" type="stmt"/>
      <line num="352" count="1" type="stmt"/>
      <line num="353" count="1" type="cond" truecount="1" falsecount="1"/>
      <line num="356" count="2" type="stmt"/>
      <line num="357" count="2" type="cond" truecount="1" falsecount="1"/>
      <line num="359" count="2" type="stmt"/>
      <line num="360" count="1" type="stmt"/>
      <line num="361" count="1" type="cond" truecount="4" falsecount="1"/>
      <line num="362" count="1" type="stmt"/>
      <line num="364" count="0" type="stmt"/>
      <line num="366" count="1" type="stmt"/>
      <line num="370" count="2" type="stmt"/>
      <line num="375" count="11" type="stmt"/>
      <line num="391" count="13" type="cond" truecount="3" falsecount="1"/>
      <line num="393" count="13" type="stmt"/>
      <line num="395" count="13" type="cond" truecount="1" falsecount="1"/>
      <line num="396" count="13" type="stmt"/>
      <line num="400" count="13" type="stmt"/>
      <line num="401" count="2" type="stmt"/>
      <line num="402" count="2" type="cond" truecount="1" falsecount="1"/>
      <line num="403" count="2" type="stmt"/>
      <line num="407" count="13" type="stmt"/>
      <line num="408" count="13" type="stmt"/>
      <line num="409" count="1" type="stmt"/>
      <line num="410" count="1" type="stmt"/>
      <line num="411" count="1" type="cond" truecount="1" falsecount="1"/>
      <line num="418" count="0" type="stmt"/>
      <line num="419" count="0" type="stmt"/>
      <line num="420" count="0" type="stmt"/>
      <line num="422" count="0" type="stmt"/>
      <line num="423" count="0" type="stmt"/>
      <line num="424" count="0" type="stmt"/>
      <line num="425" count="0" type="stmt"/>
      <line num="427" count="0" type="stmt"/>
      <line num="428" count="0" type="cond" truecount="0" falsecount="2"/>
      <line num="429" count="0" type="stmt"/>
      <line num="430" count="0" type="stmt"/>
      <line num="434" count="0" type="stmt"/>
      <line num="438" count="0" type="stmt"/>
      <line num="439" count="0" type="stmt"/>
      <line num="441" count="0" type="stmt"/>
      <line num="444" count="0" type="stmt"/>
      <line num="446" count="0" type="cond" truecount="0" falsecount="4"/>
      <line num="447" count="0" type="stmt"/>
      <line num="449" count="0" type="stmt"/>
      <line num="451" count="0" type="stmt"/>
      <line num="452" count="0" type="stmt"/>
      <line num="454" count="0" type="cond" truecount="0" falsecount="4"/>
      <line num="455" count="0" type="stmt"/>
      <line num="458" count="0" type="stmt"/>
      <line num="459" count="0" type="stmt"/>
      <line num="460" count="0" type="stmt"/>
      <line num="461" count="0" type="stmt"/>
      <line num="463" count="0" type="stmt"/>
      <line num="464" count="0" type="stmt"/>
      <line num="465" count="0" type="stmt"/>
      <line num="467" count="0" type="stmt"/>
      <line num="470" count="0" type="stmt"/>
      <line num="471" count="0" type="stmt"/>
      <line num="472" count="0" type="stmt"/>
      <line num="476" count="0" type="stmt"/>
      <line num="477" count="0" type="stmt"/>
      <line num="478" count="0" type="stmt"/>
      <line num="483" count="1" type="cond" truecount="1" falsecount="1"/>
      <line num="485" count="1" type="cond" truecount="1" falsecount="1"/>
      <line num="486" count="0" type="stmt"/>
      <line num="487" count="0" type="stmt"/>
      <line num="489" count="1" type="stmt"/>
      <line num="490" count="1" type="stmt"/>
      <line num="492" count="1" type="stmt"/>
      <line num="496" count="4" type="cond" truecount="2" falsecount="0"/>
      <line num="497" count="2" type="stmt"/>
      <line num="498" count="2" type="stmt"/>
      <line num="500" count="2" type="stmt"/>
      <line num="501" count="2" type="stmt"/>
      <line num="506" count="0" type="stmt"/>
      <line num="507" count="0" type="cond" truecount="0" falsecount="2"/>
      <line num="509" count="0" type="stmt"/>
      <line num="510" count="0" type="stmt"/>
      <line num="513" count="0" type="stmt"/>
      <line num="514" count="0" type="stmt"/>
      <line num="515" count="0" type="stmt"/>
      <line num="516" count="0" type="cond" truecount="0" falsecount="2"/>
      <line num="519" count="0" type="stmt"/>
      <line num="527" count="2" type="stmt"/>
      <line num="528" count="2" type="stmt"/>
      <line num="530" count="2" type="stmt"/>
      <line num="532" count="2" type="stmt"/>
      <line num="533" count="1" type="stmt"/>
      <line num="534" count="1" type="stmt"/>
      <line num="535" count="1" type="cond" truecount="3" falsecount="1"/>
      <line num="539" count="1" type="stmt"/>
      <line num="543" count="2" type="cond" truecount="1" falsecount="1"/>
      <line num="544" count="2" type="stmt"/>
      <line num="545" count="2" type="stmt"/>
      <line num="546" count="1" type="stmt"/>
      <line num="547" count="1" type="stmt"/>
      <line num="548" count="1" type="cond" truecount="3" falsecount="1"/>
      <line num="552" count="1" type="stmt"/>
      <line num="555" count="2" type="stmt"/>
      <line num="559" count="11" type="cond" truecount="1" falsecount="1"/>
      <line num="560" count="11" type="stmt"/>
      <line num="576" count="2" type="stmt"/>
      <line num="578" count="13" type="stmt"/>
      <line num="579" count="13" type="stmt"/>
      <line num="582" count="11" type="stmt"/>
      <line num="583" count="11" type="cond" truecount="1" falsecount="1"/>
    </file>
  </project>
</coverage>
