<?xml version="1.0" encoding="UTF-8"?>
<coverage generated="1770289823246" clover="3.2.0">
  <project timestamp="1770289823246" name="All files">
    <metrics statements="227" coveredstatements="156" conditionals="91" coveredconditionals="41" methods="37" coveredmethods="30" elements="355" coveredelements="227" complexity="0" loc="227" ncloc="227" packages="1" files="1" classes="1"/>
    <file name="app.js" path="C:\Users\alumno\apiHtml\ApiRest_Htm\js\app.js">
      <metrics statements="227" coveredstatements="156" conditionals="91" coveredconditionals="41" methods="37" coveredmethods="30"/>
      <line num="2" count="11" type="stmt"/>
      <line num="3" count="11" type="stmt"/>
      <line num="11" count="1" type="cond" truecount="1" falsecount="1"/>
      <line num="12" count="1" type="stmt"/>
      <line num="19" count="2" type="cond" truecount="4" falsecount="0"/>
      <line num="20" count="1" type="stmt"/>
      <line num="21" count="1" type="stmt"/>
      <line num="22" count="1" type="cond" truecount="1" falsecount="1"/>
      <line num="26" count="11" type="stmt"/>
      <line num="49" count="11" type="stmt"/>
      <line num="56" count="11" type="stmt"/>
      <line num="59" count="11" type="stmt"/>
      <line num="60" count="11" type="stmt"/>
      <line num="61" count="11" type="stmt"/>
      <line num="66" count="11" type="stmt"/>
      <line num="67" count="11" type="stmt"/>
      <line num="68" count="0" type="cond" truecount="0" falsecount="2"/>
      <line num="72" count="11" type="stmt"/>
      <line num="73" count="0" type="stmt"/>
      <line num="74" count="0" type="stmt"/>
      <line num="82" count="6" type="stmt"/>
      <line num="83" count="6" type="stmt"/>
      <line num="84" count="6" type="stmt"/>
      <line num="85" count="6" type="stmt"/>
      <line num="88" count="6" type="cond" truecount="2" falsecount="1"/>
      <line num="90" count="0" type="stmt"/>
      <line num="94" count="0" type="cond" truecount="0" falsecount="4"/>
      <line num="96" count="0" type="stmt"/>
      <line num="99" count="0" type="cond" truecount="0" falsecount="4"/>
      <line num="100" count="0" type="stmt"/>
      <line num="101" count="0" type="stmt"/>
      <line num="102" count="0" type="stmt"/>
      <line num="105" count="0" type="stmt"/>
      <line num="108" count="3" type="stmt"/>
      <line num="110" count="3" type="stmt"/>
      <line num="111" count="3" type="stmt"/>
      <line num="114" count="3" type="stmt"/>
      <line num="115" count="3" type="stmt"/>
      <line num="121" count="11" type="stmt"/>
      <line num="136" count="11" type="stmt"/>
      <line num="140" count="11" type="stmt"/>
      <line num="141" count="110" type="stmt"/>
      <line num="142" count="110" type="stmt"/>
      <line num="143" count="110" type="stmt"/>
      <line num="149" count="110" type="stmt"/>
      <line num="152" count="110" type="cond" truecount="2" falsecount="0"/>
      <line num="153" count="77" type="stmt"/>
      <line num="155" count="33" type="stmt"/>
      <line num="156" count="33" type="cond" truecount="1" falsecount="1"/>
      <line num="159" count="110" type="stmt"/>
      <line num="161" count="110" type="stmt"/>
      <line num="162" count="1" type="stmt"/>
      <line num="163" count="1" type="stmt"/>
      <line num="167" count="11" type="stmt"/>
      <line num="172" count="1" type="stmt"/>
      <line num="173" count="1" type="cond" truecount="1" falsecount="1"/>
      <line num="178" count="3" type="stmt"/>
      <line num="180" count="3" type="stmt"/>
      <line num="183" count="3" type="stmt"/>
      <line num="187" count="3" type="cond" truecount="1" falsecount="1"/>
      <line num="190" count="3" type="stmt"/>
      <line num="198" count="3" type="cond" truecount="1" falsecount="1"/>
      <line num="199" count="3" type="stmt"/>
      <line num="202" count="3" type="cond" truecount="1" falsecount="1"/>
      <line num="205" count="3" type="stmt"/>
      <line num="206" count="3" type="stmt"/>
      <line num="207" count="3" type="stmt"/>
      <line num="209" count="3" type="stmt"/>
      <line num="212" count="0" type="stmt"/>
      <line num="213" count="0" type="stmt"/>
      <line num="214" count="0" type="stmt"/>
      <line num="215" count="0" type="stmt"/>
      <line num="221" count="9" type="stmt"/>
      <line num="222" count="9" type="stmt"/>
      <line num="228" count="9" type="stmt"/>
      <line num="229" count="9" type="stmt"/>
      <line num="234" count="40" type="stmt"/>
      <line num="236" count="40" type="stmt"/>
      <line num="246" count="40" type="stmt"/>
      <line num="249" count="40" type="cond" truecount="2" falsecount="0"/>
      <line num="250" count="38" type="stmt"/>
      <line num="252" count="38" type="stmt"/>
      <line num="253" count="37" type="stmt"/>
      <line num="255" count="37" type="cond" truecount="1" falsecount="1"/>
      <line num="256" count="37" type="stmt"/>
      <line num="258" count="0" type="stmt"/>
      <line num="263" count="39" type="stmt"/>
      <line num="264" count="39" type="stmt"/>
      <line num="266" count="39" type="cond" truecount="1" falsecount="1"/>
      <line num="268" count="39" type="stmt"/>
      <line num="269" count="39" type="cond" truecount="1" falsecount="1"/>
      <line num="272" count="1" type="stmt"/>
      <line num="273" count="1" type="stmt"/>
      <line num="278" count="11" type="stmt"/>
      <line num="279" count="11" type="stmt"/>
      <line num="283" count="3" type="stmt"/>
      <line num="284" count="3" type="stmt"/>
      <line num="285" count="3" type="stmt"/>
      <line num="286" count="3" type="cond" truecount="1" falsecount="1"/>
      <line num="289" count="3" type="cond" truecount="2" falsecount="0"/>
      <line num="290" count="3" type="stmt"/>
      <line num="291" count="3" type="stmt"/>
      <line num="294" count="3" type="stmt"/>
      <line num="295" count="3" type="cond" truecount="1" falsecount="1"/>
      <line num="296" count="3" type="stmt"/>
      <line num="297" count="3" type="stmt"/>
      <line num="298" count="3" type="stmt"/>
      <line num="299" count="3" type="stmt"/>
      <line num="304" count="3" type="stmt"/>
      <line num="305" count="3" type="cond" truecount="1" falsecount="1"/>
      <line num="307" count="3" type="stmt"/>
      <line num="309" count="3" type="stmt"/>
      <line num="310" count="3" type="stmt"/>
      <line num="311" count="3" type="stmt"/>
      <line num="313" count="3" type="stmt"/>
      <line num="324" count="3" type="stmt"/>
      <line num="325" count="0" type="stmt"/>
      <line num="328" count="3" type="stmt"/>
      <line num="334" count="3" type="stmt"/>
      <line num="335" count="3" type="cond" truecount="1" falsecount="1"/>
      <line num="338" count="3" type="stmt"/>
      <line num="339" count="3" type="stmt"/>
      <line num="340" count="3" type="stmt"/>
      <line num="341" count="3" type="stmt"/>
      <line num="342" count="3" type="stmt"/>
      <line num="345" count="3" type="cond" truecount="1" falsecount="1"/>
      <line num="346" count="0" type="stmt"/>
      <line num="348" count="3" type="stmt"/>
      <line num="349" count="3" type="cond" truecount="1" falsecount="1"/>
      <line num="352" count="3" type="stmt"/>
      <line num="353" count="3" type="cond" truecount="1" falsecount="1"/>
      <line num="355" count="3" type="stmt"/>
      <line num="356" count="0" type="stmt"/>
      <line num="357" count="0" type="stmt"/>
      <line num="358" count="0" type="stmt"/>
      <line num="362" count="3" type="stmt"/>
      <line num="367" count="11" type="stmt"/>
      <line num="383" count="13" type="cond" truecount="3" falsecount="1"/>
      <line num="385" count="13" type="stmt"/>
      <line num="387" count="13" type="cond" truecount="1" falsecount="1"/>
      <line num="388" count="13" type="stmt"/>
      <line num="392" count="13" type="stmt"/>
      <line num="393" count="2" type="stmt"/>
      <line num="394" count="2" type="cond" truecount="1" falsecount="1"/>
      <line num="395" count="2" type="stmt"/>
      <line num="399" count="13" type="stmt"/>
      <line num="400" count="13" type="stmt"/>
      <line num="401" count="1" type="stmt"/>
      <line num="402" count="1" type="stmt"/>
      <line num="403" count="1" type="cond" truecount="1" falsecount="1"/>
      <line num="410" count="0" type="stmt"/>
      <line num="411" count="0" type="stmt"/>
      <line num="412" count="0" type="stmt"/>
      <line num="414" count="0" type="stmt"/>
      <line num="415" count="0" type="stmt"/>
      <line num="416" count="0" type="stmt"/>
      <line num="417" count="0" type="stmt"/>
      <line num="419" count="0" type="stmt"/>
      <line num="420" count="0" type="cond" truecount="0" falsecount="2"/>
      <line num="421" count="0" type="stmt"/>
      <line num="422" count="0" type="stmt"/>
      <line num="426" count="0" type="stmt"/>
      <line num="430" count="0" type="stmt"/>
      <line num="431" count="0" type="stmt"/>
      <line num="433" count="0" type="stmt"/>
      <line num="436" count="0" type="stmt"/>
      <line num="438" count="0" type="cond" truecount="0" falsecount="4"/>
      <line num="439" count="0" type="stmt"/>
      <line num="441" count="0" type="stmt"/>
      <line num="443" count="0" type="stmt"/>
      <line num="444" count="0" type="stmt"/>
      <line num="446" count="0" type="cond" truecount="0" falsecount="4"/>
      <line num="447" count="0" type="stmt"/>
      <line num="450" count="0" type="stmt"/>
      <line num="451" count="0" type="stmt"/>
      <line num="452" count="0" type="stmt"/>
      <line num="453" count="0" type="stmt"/>
      <line num="455" count="0" type="stmt"/>
      <line num="456" count="0" type="stmt"/>
      <line num="457" count="0" type="stmt"/>
      <line num="459" count="0" type="stmt"/>
      <line num="462" count="0" type="stmt"/>
      <line num="463" count="0" type="stmt"/>
      <line num="464" count="0" type="stmt"/>
      <line num="468" count="0" type="stmt"/>
      <line num="469" count="0" type="stmt"/>
      <line num="470" count="0" type="stmt"/>
      <line num="475" count="1" type="cond" truecount="1" falsecount="1"/>
      <line num="477" count="1" type="cond" truecount="1" falsecount="1"/>
      <line num="478" count="0" type="stmt"/>
      <line num="479" count="0" type="stmt"/>
      <line num="481" count="1" type="stmt"/>
      <line num="482" count="1" type="stmt"/>
      <line num="484" count="1" type="stmt"/>
      <line num="488" count="2" type="cond" truecount="2" falsecount="0"/>
      <line num="489" count="1" type="stmt"/>
      <line num="490" count="1" type="stmt"/>
      <line num="492" count="1" type="stmt"/>
      <line num="493" count="1" type="stmt"/>
      <line num="498" count="0" type="stmt"/>
      <line num="499" count="0" type="cond" truecount="0" falsecount="2"/>
      <line num="501" count="0" type="stmt"/>
      <line num="502" count="0" type="stmt"/>
      <line num="505" count="0" type="stmt"/>
      <line num="506" count="0" type="stmt"/>
      <line num="507" count="0" type="stmt"/>
      <line num="508" count="0" type="cond" truecount="0" falsecount="2"/>
      <line num="511" count="0" type="stmt"/>
      <line num="519" count="2" type="stmt"/>
      <line num="520" count="2" type="stmt"/>
      <line num="522" count="2" type="stmt"/>
      <line num="524" count="2" type="stmt"/>
      <line num="525" count="1" type="stmt"/>
      <line num="526" count="1" type="stmt"/>
      <line num="527" count="0" type="stmt"/>
      <line num="531" count="2" type="cond" truecount="1" falsecount="1"/>
      <line num="532" count="2" type="stmt"/>
      <line num="533" count="2" type="stmt"/>
      <line num="534" count="1" type="stmt"/>
      <line num="535" count="1" type="stmt"/>
      <line num="536" count="0" type="stmt"/>
      <line num="539" count="2" type="stmt"/>
      <line num="543" count="11" type="cond" truecount="1" falsecount="1"/>
      <line num="544" count="11" type="stmt"/>
      <line num="558" count="2" type="stmt"/>
      <line num="560" count="12" type="stmt"/>
      <line num="561" count="12" type="stmt"/>
    </file>
  </project>
</coverage>
