{"C:\\Users\\marku\\ApiRest_Htm\\js\\app.js": {"path":"C:\\Users\\marku\\ApiRest_Htm\\js\\app.js","statementMap":{"0":{"start":{"line":2,"column":16},"end":{"line":2,"column":50}},"1":{"start":{"line":3,"column":17},"end":{"line":3,"column":53}},"2":{"start":{"line":11,"column":4},"end":{"line":11,"column":30}},"3":{"start":{"line":11,"column":20},"end":{"line":11,"column":30}},"4":{"start":{"line":12,"column":4},"end":{"line":12,"column":56}},"5":{"start":{"line":19,"column":4},"end":{"line":19,"column":53}},"6":{"start":{"line":19,"column":39},"end":{"line":19,"column":53}},"7":{"start":{"line":20,"column":16},"end":{"line":20,"column":40}},"8":{"start":{"line":21,"column":16},"end":{"line":21,"column":40}},"9":{"start":{"line":22,"column":4},"end":{"line":22,"column":50}},"10":{"start":{"line":26,"column":12},"end":{"line":46,"column":1}},"11":{"start":{"line":49,"column":27},"end":{"line":53,"column":1}},"12":{"start":{"line":56,"column":0},"end":{"line":56,"column":53}},"13":{"start":{"line":59,"column":4},"end":{"line":59,"column":24}},"14":{"start":{"line":60,"column":4},"end":{"line":60,"column":26}},"15":{"start":{"line":61,"column":4},"end":{"line":61,"column":24}},"16":{"start":{"line":66,"column":4},"end":{"line":66,"column":58}},"17":{"start":{"line":67,"column":4},"end":{"line":69,"column":7}},"18":{"start":{"line":68,"column":8},"end":{"line":68,"column":46}},"19":{"start":{"line":68,"column":31},"end":{"line":68,"column":46}},"20":{"start":{"line":72,"column":4},"end":{"line":75,"column":7}},"21":{"start":{"line":73,"column":8},"end":{"line":73,"column":35}},"22":{"start":{"line":74,"column":8},"end":{"line":74,"column":27}},"23":{"start":{"line":82,"column":4},"end":{"line":82,"column":48}},"24":{"start":{"line":83,"column":4},"end":{"line":83,"column":44}},"25":{"start":{"line":84,"column":4},"end":{"line":84,"column":40}},"26":{"start":{"line":85,"column":4},"end":{"line":85,"column":41}},"27":{"start":{"line":88,"column":4},"end":{"line":116,"column":5}},"28":{"start":{"line":90,"column":12},"end":{"line":90,"column":59}},"29":{"start":{"line":94,"column":12},"end":{"line":104,"column":13}},"30":{"start":{"line":96,"column":16},"end":{"line":96,"column":57}},"31":{"start":{"line":99,"column":16},"end":{"line":103,"column":17}},"32":{"start":{"line":100,"column":20},"end":{"line":100,"column":41}},"33":{"start":{"line":101,"column":20},"end":{"line":101,"column":38}},"34":{"start":{"line":102,"column":20},"end":{"line":102,"column":37}},"35":{"start":{"line":105,"column":12},"end":{"line":105,"column":18}},"36":{"start":{"line":108,"column":12},"end":{"line":108,"column":55}},"37":{"start":{"line":110,"column":12},"end":{"line":110,"column":34}},"38":{"start":{"line":111,"column":12},"end":{"line":111,"column":18}},"39":{"start":{"line":114,"column":12},"end":{"line":114,"column":51}},"40":{"start":{"line":115,"column":12},"end":{"line":115,"column":18}},"41":{"start":{"line":121,"column":25},"end":{"line":131,"column":1}},"42":{"start":{"line":136,"column":4},"end":{"line":136,"column":39}},"43":{"start":{"line":140,"column":21},"end":{"line":169,"column":6}},"44":{"start":{"line":141,"column":21},"end":{"line":141,"column":50}},"45":{"start":{"line":142,"column":8},"end":{"line":142,"column":39}},"46":{"start":{"line":143,"column":8},"end":{"line":148,"column":10}},"47":{"start":{"line":149,"column":8},"end":{"line":149,"column":46}},"48":{"start":{"line":152,"column":8},"end":{"line":157,"column":9}},"49":{"start":{"line":153,"column":12},"end":{"line":153,"column":46}},"50":{"start":{"line":155,"column":25},"end":{"line":155,"column":53}},"51":{"start":{"line":156,"column":12},"end":{"line":156,"column":86}},"52":{"start":{"line":159,"column":8},"end":{"line":159,"column":112}},"53":{"start":{"line":161,"column":8},"end":{"line":168,"column":11}},"54":{"start":{"line":162,"column":12},"end":{"line":162,"column":43}},"55":{"start":{"line":163,"column":12},"end":{"line":167,"column":13}},"56":{"start":{"line":164,"column":16},"end":{"line":164,"column":50}},"57":{"start":{"line":166,"column":16},"end":{"line":166,"column":39}},"58":{"start":{"line":171,"column":4},"end":{"line":171,"column":33}},"59":{"start":{"line":176,"column":18},"end":{"line":176,"column":46}},"60":{"start":{"line":177,"column":4},"end":{"line":177,"column":37}},"61":{"start":{"line":177,"column":15},"end":{"line":177,"column":37}},"62":{"start":{"line":182,"column":4},"end":{"line":182,"column":26}},"63":{"start":{"line":184,"column":4},"end":{"line":220,"column":5}},"64":{"start":{"line":187,"column":23},"end":{"line":187,"column":51}},"65":{"start":{"line":191,"column":28},"end":{"line":191,"column":72}},"66":{"start":{"line":194,"column":66},"end":{"line":199,"column":10}},"67":{"start":{"line":202,"column":8},"end":{"line":204,"column":9}},"68":{"start":{"line":203,"column":12},"end":{"line":203,"column":39}},"69":{"start":{"line":206,"column":8},"end":{"line":206,"column":60}},"70":{"start":{"line":206,"column":27},"end":{"line":206,"column":60}},"71":{"start":{"line":209,"column":8},"end":{"line":209,"column":53}},"72":{"start":{"line":210,"column":8},"end":{"line":210,"column":69}},"73":{"start":{"line":211,"column":8},"end":{"line":211,"column":56}},"74":{"start":{"line":213,"column":8},"end":{"line":213,"column":29}},"75":{"start":{"line":216,"column":8},"end":{"line":216,"column":29}},"76":{"start":{"line":217,"column":8},"end":{"line":217,"column":44}},"77":{"start":{"line":218,"column":8},"end":{"line":218,"column":87}},"78":{"start":{"line":219,"column":8},"end":{"line":219,"column":48}},"79":{"start":{"line":225,"column":16},"end":{"line":225,"column":33}},"80":{"start":{"line":226,"column":4},"end":{"line":231,"column":7}},"81":{"start":{"line":232,"column":16},"end":{"line":232,"column":32}},"82":{"start":{"line":233,"column":4},"end":{"line":233,"column":28}},"83":{"start":{"line":238,"column":4},"end":{"line":278,"column":5}},"84":{"start":{"line":240,"column":32},"end":{"line":248,"column":9}},"85":{"start":{"line":250,"column":25},"end":{"line":250,"column":52}},"86":{"start":{"line":253,"column":8},"end":{"line":264,"column":9}},"87":{"start":{"line":254,"column":30},"end":{"line":254,"column":166}},"88":{"start":{"line":256,"column":30},"end":{"line":256,"column":52}},"89":{"start":{"line":257,"column":31},"end":{"line":257,"column":53}},"90":{"start":{"line":259,"column":12},"end":{"line":263,"column":13}},"91":{"start":{"line":260,"column":16},"end":{"line":260,"column":46}},"92":{"start":{"line":262,"column":16},"end":{"line":262,"column":28}},"93":{"start":{"line":267,"column":27},"end":{"line":267,"column":112}},"94":{"start":{"line":268,"column":20},"end":{"line":268,"column":43}},"95":{"start":{"line":270,"column":8},"end":{"line":270,"column":33}},"96":{"start":{"line":270,"column":21},"end":{"line":270,"column":33}},"97":{"start":{"line":272,"column":21},"end":{"line":272,"column":37}},"98":{"start":{"line":273,"column":8},"end":{"line":273,"column":46}},"99":{"start":{"line":276,"column":8},"end":{"line":276,"column":56}},"100":{"start":{"line":277,"column":8},"end":{"line":277,"column":16}},"101":{"start":{"line":282,"column":19},"end":{"line":282,"column":30}},"102":{"start":{"line":283,"column":16},"end":{"line":283,"column":21}},"103":{"start":{"line":287,"column":4},"end":{"line":287,"column":45}},"104":{"start":{"line":288,"column":4},"end":{"line":288,"column":88}},"105":{"start":{"line":289,"column":4},"end":{"line":289,"column":88}},"106":{"start":{"line":290,"column":4},"end":{"line":290,"column":82}},"107":{"start":{"line":293,"column":23},"end":{"line":293,"column":82}},"108":{"start":{"line":294,"column":4},"end":{"line":294,"column":35}},"109":{"start":{"line":295,"column":4},"end":{"line":295,"column":70}},"110":{"start":{"line":298,"column":4},"end":{"line":298,"column":34}},"111":{"start":{"line":299,"column":17},"end":{"line":299,"column":85}},"112":{"start":{"line":300,"column":4},"end":{"line":304,"column":7}},"113":{"start":{"line":301,"column":21},"end":{"line":301,"column":51}},"114":{"start":{"line":302,"column":8},"end":{"line":302,"column":36}},"115":{"start":{"line":303,"column":8},"end":{"line":303,"column":41}},"116":{"start":{"line":308,"column":4},"end":{"line":308,"column":34}},"117":{"start":{"line":309,"column":23},"end":{"line":309,"column":64}},"118":{"start":{"line":311,"column":25},"end":{"line":311,"column":42}},"119":{"start":{"line":313,"column":4},"end":{"line":333,"column":7}},"120":{"start":{"line":314,"column":19},"end":{"line":314,"column":47}},"121":{"start":{"line":315,"column":8},"end":{"line":315,"column":36}},"122":{"start":{"line":317,"column":8},"end":{"line":326,"column":10}},"123":{"start":{"line":328,"column":8},"end":{"line":330,"column":11}},"124":{"start":{"line":329,"column":12},"end":{"line":329,"column":61}},"125":{"start":{"line":332,"column":8},"end":{"line":332,"column":39}},"126":{"start":{"line":338,"column":4},"end":{"line":338,"column":35}},"127":{"start":{"line":339,"column":24},"end":{"line":339,"column":68}},"128":{"start":{"line":342,"column":21},"end":{"line":368,"column":6}},"129":{"start":{"line":343,"column":20},"end":{"line":343,"column":49}},"130":{"start":{"line":344,"column":8},"end":{"line":344,"column":39}},"131":{"start":{"line":345,"column":8},"end":{"line":345,"column":127}},"132":{"start":{"line":346,"column":8},"end":{"line":346,"column":41}},"133":{"start":{"line":349,"column":8},"end":{"line":354,"column":9}},"134":{"start":{"line":350,"column":12},"end":{"line":350,"column":51}},"135":{"start":{"line":352,"column":28},"end":{"line":352,"column":61}},"136":{"start":{"line":353,"column":12},"end":{"line":353,"column":94}},"137":{"start":{"line":356,"column":20},"end":{"line":356,"column":44}},"138":{"start":{"line":357,"column":8},"end":{"line":357,"column":33}},"139":{"start":{"line":357,"column":16},"end":{"line":357,"column":33}},"140":{"start":{"line":359,"column":8},"end":{"line":367,"column":11}},"141":{"start":{"line":360,"column":12},"end":{"line":360,"column":48}},"142":{"start":{"line":361,"column":12},"end":{"line":365,"column":13}},"143":{"start":{"line":362,"column":16},"end":{"line":362,"column":55}},"144":{"start":{"line":364,"column":16},"end":{"line":364,"column":44}},"145":{"start":{"line":366,"column":12},"end":{"line":366,"column":60}},"146":{"start":{"line":370,"column":4},"end":{"line":370,"column":33}},"147":{"start":{"line":375,"column":18},"end":{"line":386,"column":1}},"148":{"start":{"line":391,"column":4},"end":{"line":391,"column":61}},"149":{"start":{"line":391,"column":54},"end":{"line":391,"column":61}},"150":{"start":{"line":393,"column":4},"end":{"line":393,"column":65}},"151":{"start":{"line":395,"column":4},"end":{"line":397,"column":5}},"152":{"start":{"line":396,"column":8},"end":{"line":396,"column":99}},"153":{"start":{"line":396,"column":61},"end":{"line":396,"column":97}},"154":{"start":{"line":400,"column":4},"end":{"line":405,"column":7}},"155":{"start":{"line":401,"column":25},"end":{"line":401,"column":46}},"156":{"start":{"line":402,"column":8},"end":{"line":404,"column":9}},"157":{"start":{"line":403,"column":12},"end":{"line":403,"column":73}},"158":{"start":{"line":407,"column":4},"end":{"line":407,"column":64}},"159":{"start":{"line":408,"column":4},"end":{"line":412,"column":7}},"160":{"start":{"line":409,"column":8},"end":{"line":409,"column":26}},"161":{"start":{"line":410,"column":8},"end":{"line":410,"column":25}},"162":{"start":{"line":411,"column":8},"end":{"line":411,"column":66}},"163":{"start":{"line":411,"column":34},"end":{"line":411,"column":66}},"164":{"start":{"line":418,"column":4},"end":{"line":418,"column":45}},"165":{"start":{"line":419,"column":4},"end":{"line":419,"column":35}},"166":{"start":{"line":420,"column":4},"end":{"line":420,"column":42}},"167":{"start":{"line":422,"column":4},"end":{"line":422,"column":39}},"168":{"start":{"line":423,"column":4},"end":{"line":423,"column":42}},"169":{"start":{"line":424,"column":4},"end":{"line":424,"column":30}},"170":{"start":{"line":425,"column":4},"end":{"line":425,"column":42}},"171":{"start":{"line":427,"column":4},"end":{"line":479,"column":5}},"172":{"start":{"line":428,"column":8},"end":{"line":431,"column":9}},"173":{"start":{"line":429,"column":12},"end":{"line":429,"column":33}},"174":{"start":{"line":430,"column":12},"end":{"line":430,"column":30}},"175":{"start":{"line":434,"column":26},"end":{"line":434,"column":65}},"176":{"start":{"line":438,"column":22},"end":{"line":438,"column":83}},"177":{"start":{"line":439,"column":26},"end":{"line":439,"column":68}},"178":{"start":{"line":441,"column":8},"end":{"line":441,"column":56}},"179":{"start":{"line":444,"column":27},"end":{"line":444,"column":55}},"180":{"start":{"line":446,"column":8},"end":{"line":473,"column":9}},"181":{"start":{"line":447,"column":26},"end":{"line":447,"column":44}},"182":{"start":{"line":449,"column":12},"end":{"line":449,"column":62}},"183":{"start":{"line":451,"column":12},"end":{"line":451,"column":45}},"184":{"start":{"line":452,"column":12},"end":{"line":452,"column":60}},"185":{"start":{"line":454,"column":12},"end":{"line":456,"column":13}},"186":{"start":{"line":455,"column":16},"end":{"line":455,"column":61}},"187":{"start":{"line":458,"column":12},"end":{"line":466,"column":13}},"188":{"start":{"line":459,"column":16},"end":{"line":459,"column":42}},"189":{"start":{"line":460,"column":16},"end":{"line":460,"column":33}},"190":{"start":{"line":461,"column":16},"end":{"line":461,"column":33}},"191":{"start":{"line":463,"column":16},"end":{"line":463,"column":108}},"192":{"start":{"line":464,"column":16},"end":{"line":464,"column":34}},"193":{"start":{"line":465,"column":16},"end":{"line":465,"column":33}},"194":{"start":{"line":467,"column":12},"end":{"line":467,"column":48}},"195":{"start":{"line":470,"column":12},"end":{"line":470,"column":64}},"196":{"start":{"line":471,"column":12},"end":{"line":471,"column":69}},"197":{"start":{"line":472,"column":12},"end":{"line":472,"column":48}},"198":{"start":{"line":476,"column":8},"end":{"line":476,"column":45}},"199":{"start":{"line":477,"column":8},"end":{"line":477,"column":61}},"200":{"start":{"line":478,"column":8},"end":{"line":478,"column":44}},"201":{"start":{"line":483,"column":4},"end":{"line":483,"column":34}},"202":{"start":{"line":483,"column":27},"end":{"line":483,"column":34}},"203":{"start":{"line":485,"column":4},"end":{"line":491,"column":5}},"204":{"start":{"line":486,"column":8},"end":{"line":486,"column":29}},"205":{"start":{"line":487,"column":8},"end":{"line":487,"column":26}},"206":{"start":{"line":489,"column":8},"end":{"line":489,"column":28}},"207":{"start":{"line":490,"column":8},"end":{"line":490,"column":25}},"208":{"start":{"line":492,"column":4},"end":{"line":492,"column":21}},"209":{"start":{"line":496,"column":4},"end":{"line":502,"column":5}},"210":{"start":{"line":497,"column":8},"end":{"line":497,"column":51}},"211":{"start":{"line":498,"column":8},"end":{"line":498,"column":55}},"212":{"start":{"line":500,"column":8},"end":{"line":500,"column":54}},"213":{"start":{"line":501,"column":8},"end":{"line":501,"column":52}},"214":{"start":{"line":506,"column":38},"end":{"line":506,"column":50}},"215":{"start":{"line":507,"column":4},"end":{"line":507,"column":32}},"216":{"start":{"line":507,"column":25},"end":{"line":507,"column":32}},"217":{"start":{"line":509,"column":20},"end":{"line":509,"column":50}},"218":{"start":{"line":510,"column":4},"end":{"line":510,"column":42}},"219":{"start":{"line":513,"column":23},"end":{"line":517,"column":5}},"220":{"start":{"line":514,"column":20},"end":{"line":514,"column":38}},"221":{"start":{"line":515,"column":20},"end":{"line":515,"column":38}},"222":{"start":{"line":516,"column":8},"end":{"line":516,"column":52}},"223":{"start":{"line":519,"column":4},"end":{"line":519,"column":61}},"224":{"start":{"line":527,"column":4},"end":{"line":556,"column":7}},"225":{"start":{"line":528,"column":23},"end":{"line":528,"column":55}},"226":{"start":{"line":530,"column":29},"end":{"line":530,"column":84}},"227":{"start":{"line":532,"column":8},"end":{"line":540,"column":10}},"228":{"start":{"line":533,"column":12},"end":{"line":538,"column":13}},"229":{"start":{"line":534,"column":16},"end":{"line":534,"column":44}},"230":{"start":{"line":535,"column":16},"end":{"line":535,"column":83}},"231":{"start":{"line":535,"column":49},"end":{"line":535,"column":83}},"232":{"start":{"line":539,"column":12},"end":{"line":539,"column":26}},"233":{"start":{"line":543,"column":26},"end":{"line":543,"column":55}},"234":{"start":{"line":544,"column":8},"end":{"line":544,"column":79}},"235":{"start":{"line":545,"column":8},"end":{"line":553,"column":10}},"236":{"start":{"line":546,"column":12},"end":{"line":551,"column":13}},"237":{"start":{"line":547,"column":16},"end":{"line":547,"column":44}},"238":{"start":{"line":548,"column":16},"end":{"line":548,"column":83}},"239":{"start":{"line":548,"column":49},"end":{"line":548,"column":83}},"240":{"start":{"line":552,"column":12},"end":{"line":552,"column":24}},"241":{"start":{"line":555,"column":8},"end":{"line":555,"column":42}},"242":{"start":{"line":559,"column":0},"end":{"line":585,"column":1}},"243":{"start":{"line":560,"column":4},"end":{"line":581,"column":6}},"244":{"start":{"line":576,"column":30},"end":{"line":576,"column":57}},"245":{"start":{"line":578,"column":12},"end":{"line":578,"column":33}},"246":{"start":{"line":579,"column":12},"end":{"line":579,"column":32}},"247":{"start":{"line":582,"column":4},"end":{"line":584,"column":18}},"248":{"start":{"line":583,"column":8},"end":{"line":583,"column":71}},"249":{"start":{"line":583,"column":43},"end":{"line":583,"column":71}}},"fnMap":{"0":{"name":"cleanTrackTitle","decl":{"start":{"line":10,"column":9},"end":{"line":10,"column":24}},"loc":{"start":{"line":10,"column":36},"end":{"line":13,"column":1}},"line":10},"1":{"name":"formatTime","decl":{"start":{"line":18,"column":9},"end":{"line":18,"column":19}},"loc":{"start":{"line":18,"column":29},"end":{"line":23,"column":1}},"line":18},"2":{"name":"initApp","decl":{"start":{"line":58,"column":9},"end":{"line":58,"column":16}},"loc":{"start":{"line":58,"column":19},"end":{"line":62,"column":1}},"line":58},"3":{"name":"setupEventListeners","decl":{"start":{"line":64,"column":9},"end":{"line":64,"column":28}},"loc":{"start":{"line":64,"column":31},"end":{"line":76,"column":1}},"line":64},"4":{"name":"(anonymous_4)","decl":{"start":{"line":67,"column":49},"end":{"line":67,"column":50}},"loc":{"start":{"line":67,"column":56},"end":{"line":69,"column":5}},"line":67},"5":{"name":"(anonymous_5)","decl":{"start":{"line":72,"column":42},"end":{"line":72,"column":43}},"loc":{"start":{"line":72,"column":48},"end":{"line":75,"column":5}},"line":72},"6":{"name":"toggleView","decl":{"start":{"line":80,"column":9},"end":{"line":80,"column":19}},"loc":{"start":{"line":80,"column":30},"end":{"line":117,"column":1}},"line":80},"7":{"name":"renderSuggestions","decl":{"start":{"line":135,"column":9},"end":{"line":135,"column":26}},"loc":{"start":{"line":135,"column":29},"end":{"line":172,"column":1}},"line":135},"8":{"name":"(anonymous_8)","decl":{"start":{"line":140,"column":44},"end":{"line":140,"column":45}},"loc":{"start":{"line":140,"column":62},"end":{"line":169,"column":5}},"line":140},"9":{"name":"(anonymous_9)","decl":{"start":{"line":161,"column":39},"end":{"line":161,"column":40}},"loc":{"start":{"line":161,"column":45},"end":{"line":168,"column":9}},"line":161},"10":{"name":"handleSearch","decl":{"start":{"line":175,"column":15},"end":{"line":175,"column":27}},"loc":{"start":{"line":175,"column":30},"end":{"line":178,"column":1}},"line":175},"11":{"name":"loadArtistData","decl":{"start":{"line":181,"column":15},"end":{"line":181,"column":29}},"loc":{"start":{"line":181,"column":42},"end":{"line":221,"column":1}},"line":181},"12":{"name":"fetchLastFm","decl":{"start":{"line":224,"column":15},"end":{"line":224,"column":26}},"loc":{"start":{"line":224,"column":43},"end":{"line":234,"column":1}},"line":224},"13":{"name":"fetchWikiImage","decl":{"start":{"line":237,"column":15},"end":{"line":237,"column":29}},"loc":{"start":{"line":237,"column":42},"end":{"line":279,"column":1}},"line":237},"14":{"name":"renderArtistHeader","decl":{"start":{"line":286,"column":9},"end":{"line":286,"column":27}},"loc":{"start":{"line":286,"column":46},"end":{"line":305,"column":1}},"line":286},"15":{"name":"(anonymous_15)","decl":{"start":{"line":300,"column":29},"end":{"line":300,"column":30}},"loc":{"start":{"line":300,"column":36},"end":{"line":304,"column":5}},"line":300},"16":{"name":"renderTracks","decl":{"start":{"line":307,"column":9},"end":{"line":307,"column":21}},"loc":{"start":{"line":307,"column":42},"end":{"line":334,"column":1}},"line":307},"17":{"name":"(anonymous_17)","decl":{"start":{"line":313,"column":23},"end":{"line":313,"column":24}},"loc":{"start":{"line":313,"column":41},"end":{"line":333,"column":5}},"line":313},"18":{"name":"(anonymous_18)","decl":{"start":{"line":328,"column":37},"end":{"line":328,"column":38}},"loc":{"start":{"line":328,"column":43},"end":{"line":330,"column":9}},"line":328},"19":{"name":"renderSimilar","decl":{"start":{"line":337,"column":15},"end":{"line":337,"column":28}},"loc":{"start":{"line":337,"column":38},"end":{"line":371,"column":1}},"line":337},"20":{"name":"(anonymous_20)","decl":{"start":{"line":342,"column":37},"end":{"line":342,"column":38}},"loc":{"start":{"line":342,"column":55},"end":{"line":368,"column":5}},"line":342},"21":{"name":"(anonymous_21)","decl":{"start":{"line":359,"column":38},"end":{"line":359,"column":39}},"loc":{"start":{"line":359,"column":44},"end":{"line":367,"column":9}},"line":359},"22":{"name":"setupPlayerEvents","decl":{"start":{"line":389,"column":9},"end":{"line":389,"column":26}},"loc":{"start":{"line":389,"column":29},"end":{"line":413,"column":1}},"line":389},"23":{"name":"(anonymous_23)","decl":{"start":{"line":396,"column":54},"end":{"line":396,"column":55}},"loc":{"start":{"line":396,"column":61},"end":{"line":396,"column":97}},"line":396},"24":{"name":"(anonymous_24)","decl":{"start":{"line":400,"column":52},"end":{"line":400,"column":53}},"loc":{"start":{"line":400,"column":59},"end":{"line":405,"column":5}},"line":400},"25":{"name":"(anonymous_25)","decl":{"start":{"line":408,"column":43},"end":{"line":408,"column":44}},"loc":{"start":{"line":408,"column":49},"end":{"line":412,"column":5}},"line":408},"26":{"name":"initPlayer","decl":{"start":{"line":416,"column":15},"end":{"line":416,"column":25}},"loc":{"start":{"line":416,"column":47},"end":{"line":480,"column":1}},"line":416},"27":{"name":"togglePlayPause","decl":{"start":{"line":482,"column":9},"end":{"line":482,"column":24}},"loc":{"start":{"line":482,"column":27},"end":{"line":493,"column":1}},"line":482},"28":{"name":"updatePlayIcon","decl":{"start":{"line":495,"column":9},"end":{"line":495,"column":23}},"loc":{"start":{"line":495,"column":26},"end":{"line":503,"column":1}},"line":495},"29":{"name":"updateProgress","decl":{"start":{"line":505,"column":9},"end":{"line":505,"column":23}},"loc":{"start":{"line":505,"column":26},"end":{"line":520,"column":1}},"line":505},"30":{"name":"(anonymous_30)","decl":{"start":{"line":513,"column":23},"end":{"line":513,"column":24}},"loc":{"start":{"line":513,"column":30},"end":{"line":517,"column":5}},"line":513},"31":{"name":"fetchDeezer","decl":{"start":{"line":526,"column":9},"end":{"line":526,"column":20}},"loc":{"start":{"line":526,"column":26},"end":{"line":557,"column":1}},"line":526},"32":{"name":"(anonymous_32)","decl":{"start":{"line":527,"column":23},"end":{"line":527,"column":24}},"loc":{"start":{"line":527,"column":44},"end":{"line":556,"column":5}},"line":527},"33":{"name":"(anonymous_33)","decl":{"start":{"line":532,"column":31},"end":{"line":532,"column":32}},"loc":{"start":{"line":532,"column":46},"end":{"line":540,"column":9}},"line":532},"34":{"name":"(anonymous_34)","decl":{"start":{"line":545,"column":25},"end":{"line":545,"column":26}},"loc":{"start":{"line":545,"column":34},"end":{"line":553,"column":9}},"line":545},"35":{"name":"(anonymous_35)","decl":{"start":{"line":576,"column":23},"end":{"line":576,"column":24}},"loc":{"start":{"line":576,"column":30},"end":{"line":576,"column":57}},"line":576},"36":{"name":"(anonymous_36)","decl":{"start":{"line":577,"column":23},"end":{"line":577,"column":24}},"loc":{"start":{"line":577,"column":43},"end":{"line":580,"column":9}},"line":577}},"branchMap":{"0":{"loc":{"start":{"line":11,"column":4},"end":{"line":11,"column":30}},"type":"if","locations":[{"start":{"line":11,"column":4},"end":{"line":11,"column":30}},{"start":{},"end":{}}],"line":11},"1":{"loc":{"start":{"line":19,"column":4},"end":{"line":19,"column":53}},"type":"if","locations":[{"start":{"line":19,"column":4},"end":{"line":19,"column":53}},{"start":{},"end":{}}],"line":19},"2":{"loc":{"start":{"line":19,"column":8},"end":{"line":19,"column":37}},"type":"binary-expr","locations":[{"start":{"line":19,"column":8},"end":{"line":19,"column":22}},{"start":{"line":19,"column":26},"end":{"line":19,"column":37}}],"line":19},"3":{"loc":{"start":{"line":22,"column":21},"end":{"line":22,"column":47}},"type":"cond-expr","locations":[{"start":{"line":22,"column":32},"end":{"line":22,"column":41}},{"start":{"line":22,"column":44},"end":{"line":22,"column":47}}],"line":22},"4":{"loc":{"start":{"line":68,"column":8},"end":{"line":68,"column":46}},"type":"if","locations":[{"start":{"line":68,"column":8},"end":{"line":68,"column":46}},{"start":{},"end":{}}],"line":68},"5":{"loc":{"start":{"line":88,"column":4},"end":{"line":116,"column":5}},"type":"switch","locations":[{"start":{"line":89,"column":8},"end":{"line":105,"column":18}},{"start":{"line":107,"column":8},"end":{"line":111,"column":18}},{"start":{"line":113,"column":8},"end":{"line":115,"column":18}}],"line":88},"6":{"loc":{"start":{"line":94,"column":12},"end":{"line":104,"column":13}},"type":"if","locations":[{"start":{"line":94,"column":12},"end":{"line":104,"column":13}},{"start":{},"end":{}}],"line":94},"7":{"loc":{"start":{"line":94,"column":15},"end":{"line":94,"column":74}},"type":"binary-expr","locations":[{"start":{"line":94,"column":15},"end":{"line":94,"column":28}},{"start":{"line":94,"column":32},"end":{"line":94,"column":74}}],"line":94},"8":{"loc":{"start":{"line":99,"column":16},"end":{"line":103,"column":17}},"type":"if","locations":[{"start":{"line":99,"column":16},"end":{"line":103,"column":17}},{"start":{},"end":{}}],"line":99},"9":{"loc":{"start":{"line":99,"column":19},"end":{"line":99,"column":55}},"type":"binary-expr","locations":[{"start":{"line":99,"column":19},"end":{"line":99,"column":31}},{"start":{"line":99,"column":35},"end":{"line":99,"column":55}}],"line":99},"10":{"loc":{"start":{"line":152,"column":8},"end":{"line":157,"column":9}},"type":"if","locations":[{"start":{"line":152,"column":8},"end":{"line":157,"column":9}},{"start":{"line":154,"column":15},"end":{"line":157,"column":9}}],"line":152},"11":{"loc":{"start":{"line":156,"column":21},"end":{"line":156,"column":85}},"type":"binary-expr","locations":[{"start":{"line":156,"column":21},"end":{"line":156,"column":25}},{"start":{"line":156,"column":29},"end":{"line":156,"column":85}}],"line":156},"12":{"loc":{"start":{"line":163,"column":12},"end":{"line":167,"column":13}},"type":"if","locations":[{"start":{"line":163,"column":12},"end":{"line":167,"column":13}},{"start":{"line":165,"column":19},"end":{"line":167,"column":13}}],"line":163},"13":{"loc":{"start":{"line":163,"column":16},"end":{"line":163,"column":87}},"type":"binary-expr","locations":[{"start":{"line":163,"column":16},"end":{"line":163,"column":22}},{"start":{"line":163,"column":26},"end":{"line":163,"column":36}},{"start":{"line":163,"column":40},"end":{"line":163,"column":87}}],"line":163},"14":{"loc":{"start":{"line":177,"column":4},"end":{"line":177,"column":37}},"type":"if","locations":[{"start":{"line":177,"column":4},"end":{"line":177,"column":37}},{"start":{},"end":{}}],"line":177},"15":{"loc":{"start":{"line":191,"column":28},"end":{"line":191,"column":72}},"type":"cond-expr","locations":[{"start":{"line":191,"column":39},"end":{"line":191,"column":43}},{"start":{"line":191,"column":46},"end":{"line":191,"column":72}}],"line":191},"16":{"loc":{"start":{"line":202,"column":8},"end":{"line":204,"column":9}},"type":"if","locations":[{"start":{"line":202,"column":8},"end":{"line":204,"column":9}},{"start":{},"end":{}}],"line":202},"17":{"loc":{"start":{"line":206,"column":8},"end":{"line":206,"column":60}},"type":"if","locations":[{"start":{"line":206,"column":8},"end":{"line":206,"column":60}},{"start":{},"end":{}}],"line":206},"18":{"loc":{"start":{"line":253,"column":8},"end":{"line":264,"column":9}},"type":"if","locations":[{"start":{"line":253,"column":8},"end":{"line":264,"column":9}},{"start":{},"end":{}}],"line":253},"19":{"loc":{"start":{"line":259,"column":12},"end":{"line":263,"column":13}},"type":"if","locations":[{"start":{"line":259,"column":12},"end":{"line":263,"column":13}},{"start":{"line":261,"column":19},"end":{"line":263,"column":13}}],"line":259},"20":{"loc":{"start":{"line":270,"column":8},"end":{"line":270,"column":33}},"type":"if","locations":[{"start":{"line":270,"column":8},"end":{"line":270,"column":33}},{"start":{},"end":{}}],"line":270},"21":{"loc":{"start":{"line":273,"column":15},"end":{"line":273,"column":45}},"type":"binary-expr","locations":[{"start":{"line":273,"column":15},"end":{"line":273,"column":37}},{"start":{"line":273,"column":41},"end":{"line":273,"column":45}}],"line":273},"22":{"loc":{"start":{"line":290,"column":30},"end":{"line":290,"column":81}},"type":"binary-expr","locations":[{"start":{"line":290,"column":30},"end":{"line":290,"column":48}},{"start":{"line":290,"column":52},"end":{"line":290,"column":81}}],"line":290},"23":{"loc":{"start":{"line":293,"column":23},"end":{"line":293,"column":82}},"type":"binary-expr","locations":[{"start":{"line":293,"column":23},"end":{"line":293,"column":31}},{"start":{"line":293,"column":35},"end":{"line":293,"column":82}}],"line":293},"24":{"loc":{"start":{"line":299,"column":17},"end":{"line":299,"column":85}},"type":"cond-expr","locations":[{"start":{"line":299,"column":50},"end":{"line":299,"column":65}},{"start":{"line":299,"column":68},"end":{"line":299,"column":85}}],"line":299},"25":{"loc":{"start":{"line":309,"column":23},"end":{"line":309,"column":64}},"type":"cond-expr","locations":[{"start":{"line":309,"column":47},"end":{"line":309,"column":53}},{"start":{"line":309,"column":56},"end":{"line":309,"column":64}}],"line":309},"26":{"loc":{"start":{"line":339,"column":24},"end":{"line":339,"column":68}},"type":"cond-expr","locations":[{"start":{"line":339,"column":49},"end":{"line":339,"column":56}},{"start":{"line":339,"column":59},"end":{"line":339,"column":68}}],"line":339},"27":{"loc":{"start":{"line":349,"column":8},"end":{"line":354,"column":9}},"type":"if","locations":[{"start":{"line":349,"column":8},"end":{"line":354,"column":9}},{"start":{"line":351,"column":15},"end":{"line":354,"column":9}}],"line":349},"28":{"loc":{"start":{"line":353,"column":21},"end":{"line":353,"column":93}},"type":"binary-expr","locations":[{"start":{"line":353,"column":21},"end":{"line":353,"column":28}},{"start":{"line":353,"column":32},"end":{"line":353,"column":93}}],"line":353},"29":{"loc":{"start":{"line":357,"column":8},"end":{"line":357,"column":33}},"type":"if","locations":[{"start":{"line":357,"column":8},"end":{"line":357,"column":33}},{"start":{},"end":{}}],"line":357},"30":{"loc":{"start":{"line":361,"column":12},"end":{"line":365,"column":13}},"type":"if","locations":[{"start":{"line":361,"column":12},"end":{"line":365,"column":13}},{"start":{"line":363,"column":19},"end":{"line":365,"column":13}}],"line":361},"31":{"loc":{"start":{"line":361,"column":16},"end":{"line":361,"column":87}},"type":"binary-expr","locations":[{"start":{"line":361,"column":16},"end":{"line":361,"column":22}},{"start":{"line":361,"column":26},"end":{"line":361,"column":36}},{"start":{"line":361,"column":40},"end":{"line":361,"column":87}}],"line":361},"32":{"loc":{"start":{"line":391,"column":4},"end":{"line":391,"column":61}},"type":"if","locations":[{"start":{"line":391,"column":4},"end":{"line":391,"column":61}},{"start":{},"end":{}}],"line":391},"33":{"loc":{"start":{"line":391,"column":8},"end":{"line":391,"column":52}},"type":"binary-expr","locations":[{"start":{"line":391,"column":8},"end":{"line":391,"column":26}},{"start":{"line":391,"column":30},"end":{"line":391,"column":52}}],"line":391},"34":{"loc":{"start":{"line":395,"column":4},"end":{"line":397,"column":5}},"type":"if","locations":[{"start":{"line":395,"column":4},"end":{"line":397,"column":5}},{"start":{},"end":{}}],"line":395},"35":{"loc":{"start":{"line":402,"column":8},"end":{"line":404,"column":9}},"type":"if","locations":[{"start":{"line":402,"column":8},"end":{"line":404,"column":9}},{"start":{},"end":{}}],"line":402},"36":{"loc":{"start":{"line":411,"column":8},"end":{"line":411,"column":66}},"type":"if","locations":[{"start":{"line":411,"column":8},"end":{"line":411,"column":66}},{"start":{},"end":{}}],"line":411},"37":{"loc":{"start":{"line":428,"column":8},"end":{"line":431,"column":9}},"type":"if","locations":[{"start":{"line":428,"column":8},"end":{"line":431,"column":9}},{"start":{},"end":{}}],"line":428},"38":{"loc":{"start":{"line":446,"column":8},"end":{"line":473,"column":9}},"type":"if","locations":[{"start":{"line":446,"column":8},"end":{"line":473,"column":9}},{"start":{"line":469,"column":15},"end":{"line":473,"column":9}}],"line":446},"39":{"loc":{"start":{"line":446,"column":12},"end":{"line":446,"column":57}},"type":"binary-expr","locations":[{"start":{"line":446,"column":12},"end":{"line":446,"column":27}},{"start":{"line":446,"column":31},"end":{"line":446,"column":57}}],"line":446},"40":{"loc":{"start":{"line":454,"column":12},"end":{"line":456,"column":13}},"type":"if","locations":[{"start":{"line":454,"column":12},"end":{"line":456,"column":13}},{"start":{},"end":{}}],"line":454},"41":{"loc":{"start":{"line":454,"column":15},"end":{"line":454,"column":54}},"type":"binary-expr","locations":[{"start":{"line":454,"column":15},"end":{"line":454,"column":26}},{"start":{"line":454,"column":30},"end":{"line":454,"column":54}}],"line":454},"42":{"loc":{"start":{"line":483,"column":4},"end":{"line":483,"column":34}},"type":"if","locations":[{"start":{"line":483,"column":4},"end":{"line":483,"column":34}},{"start":{},"end":{}}],"line":483},"43":{"loc":{"start":{"line":485,"column":4},"end":{"line":491,"column":5}},"type":"if","locations":[{"start":{"line":485,"column":4},"end":{"line":491,"column":5}},{"start":{"line":488,"column":11},"end":{"line":491,"column":5}}],"line":485},"44":{"loc":{"start":{"line":496,"column":4},"end":{"line":502,"column":5}},"type":"if","locations":[{"start":{"line":496,"column":4},"end":{"line":502,"column":5}},{"start":{"line":499,"column":11},"end":{"line":502,"column":5}}],"line":496},"45":{"loc":{"start":{"line":507,"column":4},"end":{"line":507,"column":32}},"type":"if","locations":[{"start":{"line":507,"column":4},"end":{"line":507,"column":32}},{"start":{},"end":{}}],"line":507},"46":{"loc":{"start":{"line":516,"column":25},"end":{"line":516,"column":49}},"type":"cond-expr","locations":[{"start":{"line":516,"column":36},"end":{"line":516,"column":43}},{"start":{"line":516,"column":46},"end":{"line":516,"column":49}}],"line":516},"47":{"loc":{"start":{"line":535,"column":16},"end":{"line":535,"column":83}},"type":"if","locations":[{"start":{"line":535,"column":16},"end":{"line":535,"column":83}},{"start":{},"end":{}}],"line":535},"48":{"loc":{"start":{"line":535,"column":20},"end":{"line":535,"column":47}},"type":"binary-expr","locations":[{"start":{"line":535,"column":20},"end":{"line":535,"column":26}},{"start":{"line":535,"column":30},"end":{"line":535,"column":47}}],"line":535},"49":{"loc":{"start":{"line":543,"column":26},"end":{"line":543,"column":55}},"type":"cond-expr","locations":[{"start":{"line":543,"column":46},"end":{"line":543,"column":49}},{"start":{"line":543,"column":52},"end":{"line":543,"column":55}}],"line":543},"50":{"loc":{"start":{"line":548,"column":16},"end":{"line":548,"column":83}},"type":"if","locations":[{"start":{"line":548,"column":16},"end":{"line":548,"column":83}},{"start":{},"end":{}}],"line":548},"51":{"loc":{"start":{"line":548,"column":20},"end":{"line":548,"column":47}},"type":"binary-expr","locations":[{"start":{"line":548,"column":20},"end":{"line":548,"column":26}},{"start":{"line":548,"column":30},"end":{"line":548,"column":47}}],"line":548},"52":{"loc":{"start":{"line":559,"column":0},"end":{"line":585,"column":1}},"type":"if","locations":[{"start":{"line":559,"column":0},"end":{"line":585,"column":1}},{"start":{},"end":{}}],"line":559},"53":{"loc":{"start":{"line":583,"column":8},"end":{"line":583,"column":71}},"type":"if","locations":[{"start":{"line":583,"column":8},"end":{"line":583,"column":71}},{"start":{},"end":{}}],"line":583}},"s":{"0":11,"1":11,"2":1,"3":0,"4":1,"5":2,"6":1,"7":1,"8":1,"9":1,"10":11,"11":11,"12":11,"13":11,"14":11,"15":11,"16":11,"17":11,"18":0,"19":0,"20":11,"21":0,"22":0,"23":3,"24":3,"25":3,"26":3,"27":3,"28":0,"29":0,"30":0,"31":0,"32":0,"33":0,"34":0,"35":0,"36":1,"37":1,"38":1,"39":2,"40":2,"41":11,"42":11,"43":11,"44":110,"45":110,"46":110,"47":110,"48":110,"49":77,"50":33,"51":33,"52":110,"53":110,"54":1,"55":1,"56":1,"57":0,"58":11,"59":1,"60":1,"61":1,"62":2,"63":2,"64":2,"65":2,"66":2,"67":1,"68":1,"69":1,"70":0,"71":1,"72":1,"73":1,"74":1,"75":1,"76":1,"77":1,"78":1,"79":6,"80":6,"81":6,"82":6,"83":37,"84":37,"85":37,"86":37,"87":35,"88":35,"89":34,"90":34,"91":34,"92":0,"93":36,"94":36,"95":36,"96":0,"97":36,"98":36,"99":1,"100":1,"101":11,"102":11,"103":1,"104":1,"105":1,"106":1,"107":1,"108":1,"109":1,"110":1,"111":1,"112":1,"113":1,"114":1,"115":1,"116":1,"117":1,"118":1,"119":1,"120":1,"121":1,"122":1,"123":1,"124":0,"125":1,"126":2,"127":2,"128":2,"129":2,"130":2,"131":2,"132":2,"133":2,"134":1,"135":1,"136":1,"137":2,"138":2,"139":2,"140":2,"141":1,"142":1,"143":1,"144":0,"145":1,"146":2,"147":11,"148":13,"149":0,"150":13,"151":13,"152":13,"153":2,"154":13,"155":2,"156":2,"157":2,"158":13,"159":13,"160":1,"161":1,"162":1,"163":1,"164":0,"165":0,"166":0,"167":0,"168":0,"169":0,"170":0,"171":0,"172":0,"173":0,"174":0,"175":0,"176":0,"177":0,"178":0,"179":0,"180":0,"181":0,"182":0,"183":0,"184":0,"185":0,"186":0,"187":0,"188":0,"189":0,"190":0,"191":0,"192":0,"193":0,"194":0,"195":0,"196":0,"197":0,"198":0,"199":0,"200":0,"201":1,"202":0,"203":1,"204":0,"205":0,"206":1,"207":1,"208":1,"209":4,"210":2,"211":2,"212":2,"213":2,"214":0,"215":0,"216":0,"217":0,"218":0,"219":0,"220":0,"221":0,"222":0,"223":0,"224":2,"225":2,"226":2,"227":2,"228":1,"229":1,"230":1,"231":0,"232":1,"233":2,"234":2,"235":2,"236":1,"237":1,"238":1,"239":0,"240":1,"241":2,"242":11,"243":11,"244":2,"245":13,"246":13,"247":11,"248":11,"249":11},"f":{"0":1,"1":2,"2":11,"3":11,"4":0,"5":0,"6":3,"7":11,"8":110,"9":1,"10":1,"11":2,"12":6,"13":37,"14":1,"15":1,"16":1,"17":1,"18":0,"19":2,"20":2,"21":1,"22":13,"23":2,"24":2,"25":1,"26":0,"27":1,"28":4,"29":0,"30":0,"31":2,"32":2,"33":1,"34":1,"35":2,"36":13},"b":{"0":[0,1],"1":[1,1],"2":[2,2],"3":[1,0],"4":[0,0],"5":[0,1,2],"6":[0,0],"7":[0,0],"8":[0,0],"9":[0,0],"10":[77,33],"11":[33,0],"12":[1,0],"13":[1,1,1],"14":[1,0],"15":[0,2],"16":[1,0],"17":[0,1],"18":[35,2],"19":[34,0],"20":[0,36],"21":[36,0],"22":[1,0],"23":[1,0],"24":[1,0],"25":[1,0],"26":[2,0],"27":[1,1],"28":[1,0],"29":[2,0],"30":[1,0],"31":[1,1,1],"32":[0,13],"33":[13,13],"34":[13,0],"35":[2,0],"36":[1,0],"37":[0,0],"38":[0,0],"39":[0,0],"40":[0,0],"41":[0,0],"42":[0,1],"43":[0,1],"44":[2,2],"45":[0,0],"46":[0,0],"47":[0,1],"48":[1,1],"49":[2,0],"50":[0,1],"51":[1,1],"52":[11,0],"53":[11,0]},"_coverageSchema":"1a1c01bbd47fc00a2c39e90264f33305004495a9","hash":"5d9c8c9ca729ade25b6b491b3f513b6694508064"}
}
