{"C:\\Users\\alumno\\apiHtml\\ApiRest_Htm\\js\\app.js": {"path":"C:\\Users\\alumno\\apiHtml\\ApiRest_Htm\\js\\app.js","statementMap":{"0":{"start":{"line":2,"column":16},"end":{"line":2,"column":50}},"1":{"start":{"line":3,"column":17},"end":{"line":3,"column":53}},"2":{"start":{"line":11,"column":4},"end":{"line":11,"column":30}},"3":{"start":{"line":11,"column":20},"end":{"line":11,"column":30}},"4":{"start":{"line":12,"column":4},"end":{"line":12,"column":56}},"5":{"start":{"line":19,"column":4},"end":{"line":19,"column":53}},"6":{"start":{"line":19,"column":39},"end":{"line":19,"column":53}},"7":{"start":{"line":20,"column":16},"end":{"line":20,"column":40}},"8":{"start":{"line":21,"column":16},"end":{"line":21,"column":40}},"9":{"start":{"line":22,"column":4},"end":{"line":22,"column":50}},"10":{"start":{"line":26,"column":12},"end":{"line":46,"column":1}},"11":{"start":{"line":49,"column":27},"end":{"line":53,"column":1}},"12":{"start":{"line":56,"column":0},"end":{"line":56,"column":53}},"13":{"start":{"line":59,"column":4},"end":{"line":59,"column":24}},"14":{"start":{"line":60,"column":4},"end":{"line":60,"column":26}},"15":{"start":{"line":61,"column":4},"end":{"line":61,"column":24}},"16":{"start":{"line":66,"column":4},"end":{"line":66,"column":58}},"17":{"start":{"line":67,"column":4},"end":{"line":69,"column":7}},"18":{"start":{"line":68,"column":8},"end":{"line":68,"column":46}},"19":{"start":{"line":68,"column":31},"end":{"line":68,"column":46}},"20":{"start":{"line":72,"column":4},"end":{"line":75,"column":7}},"21":{"start":{"line":73,"column":8},"end":{"line":73,"column":35}},"22":{"start":{"line":74,"column":8},"end":{"line":74,"column":27}},"23":{"start":{"line":82,"column":4},"end":{"line":82,"column":48}},"24":{"start":{"line":83,"column":4},"end":{"line":83,"column":44}},"25":{"start":{"line":84,"column":4},"end":{"line":84,"column":40}},"26":{"start":{"line":85,"column":4},"end":{"line":85,"column":41}},"27":{"start":{"line":88,"column":4},"end":{"line":116,"column":5}},"28":{"start":{"line":90,"column":12},"end":{"line":90,"column":59}},"29":{"start":{"line":94,"column":12},"end":{"line":104,"column":13}},"30":{"start":{"line":96,"column":16},"end":{"line":96,"column":57}},"31":{"start":{"line":99,"column":16},"end":{"line":103,"column":17}},"32":{"start":{"line":100,"column":20},"end":{"line":100,"column":41}},"33":{"start":{"line":101,"column":20},"end":{"line":101,"column":38}},"34":{"start":{"line":102,"column":20},"end":{"line":102,"column":37}},"35":{"start":{"line":105,"column":12},"end":{"line":105,"column":18}},"36":{"start":{"line":108,"column":12},"end":{"line":108,"column":55}},"37":{"start":{"line":110,"column":12},"end":{"line":110,"column":34}},"38":{"start":{"line":111,"column":12},"end":{"line":111,"column":18}},"39":{"start":{"line":114,"column":12},"end":{"line":114,"column":51}},"40":{"start":{"line":115,"column":12},"end":{"line":115,"column":18}},"41":{"start":{"line":121,"column":25},"end":{"line":131,"column":1}},"42":{"start":{"line":136,"column":4},"end":{"line":136,"column":39}},"43":{"start":{"line":140,"column":21},"end":{"line":165,"column":6}},"44":{"start":{"line":141,"column":21},"end":{"line":141,"column":50}},"45":{"start":{"line":142,"column":8},"end":{"line":142,"column":39}},"46":{"start":{"line":143,"column":8},"end":{"line":148,"column":10}},"47":{"start":{"line":149,"column":8},"end":{"line":149,"column":46}},"48":{"start":{"line":152,"column":8},"end":{"line":157,"column":9}},"49":{"start":{"line":153,"column":12},"end":{"line":153,"column":46}},"50":{"start":{"line":155,"column":25},"end":{"line":155,"column":53}},"51":{"start":{"line":156,"column":12},"end":{"line":156,"column":86}},"52":{"start":{"line":159,"column":8},"end":{"line":159,"column":112}},"53":{"start":{"line":161,"column":8},"end":{"line":164,"column":11}},"54":{"start":{"line":162,"column":12},"end":{"line":162,"column":43}},"55":{"start":{"line":163,"column":12},"end":{"line":163,"column":35}},"56":{"start":{"line":167,"column":4},"end":{"line":167,"column":33}},"57":{"start":{"line":172,"column":18},"end":{"line":172,"column":46}},"58":{"start":{"line":173,"column":4},"end":{"line":173,"column":37}},"59":{"start":{"line":173,"column":15},"end":{"line":173,"column":37}},"60":{"start":{"line":178,"column":4},"end":{"line":178,"column":26}},"61":{"start":{"line":180,"column":4},"end":{"line":216,"column":5}},"62":{"start":{"line":183,"column":23},"end":{"line":183,"column":51}},"63":{"start":{"line":187,"column":28},"end":{"line":187,"column":72}},"64":{"start":{"line":190,"column":66},"end":{"line":195,"column":10}},"65":{"start":{"line":198,"column":8},"end":{"line":200,"column":9}},"66":{"start":{"line":199,"column":12},"end":{"line":199,"column":39}},"67":{"start":{"line":202,"column":8},"end":{"line":202,"column":60}},"68":{"start":{"line":202,"column":27},"end":{"line":202,"column":60}},"69":{"start":{"line":205,"column":8},"end":{"line":205,"column":53}},"70":{"start":{"line":206,"column":8},"end":{"line":206,"column":69}},"71":{"start":{"line":207,"column":8},"end":{"line":207,"column":56}},"72":{"start":{"line":209,"column":8},"end":{"line":209,"column":29}},"73":{"start":{"line":212,"column":8},"end":{"line":212,"column":29}},"74":{"start":{"line":213,"column":8},"end":{"line":213,"column":44}},"75":{"start":{"line":214,"column":8},"end":{"line":214,"column":87}},"76":{"start":{"line":215,"column":8},"end":{"line":215,"column":48}},"77":{"start":{"line":221,"column":16},"end":{"line":221,"column":33}},"78":{"start":{"line":222,"column":4},"end":{"line":227,"column":7}},"79":{"start":{"line":228,"column":16},"end":{"line":228,"column":32}},"80":{"start":{"line":229,"column":4},"end":{"line":229,"column":28}},"81":{"start":{"line":234,"column":4},"end":{"line":274,"column":5}},"82":{"start":{"line":236,"column":32},"end":{"line":244,"column":9}},"83":{"start":{"line":246,"column":25},"end":{"line":246,"column":52}},"84":{"start":{"line":249,"column":8},"end":{"line":260,"column":9}},"85":{"start":{"line":250,"column":30},"end":{"line":250,"column":166}},"86":{"start":{"line":252,"column":30},"end":{"line":252,"column":52}},"87":{"start":{"line":253,"column":31},"end":{"line":253,"column":53}},"88":{"start":{"line":255,"column":12},"end":{"line":259,"column":13}},"89":{"start":{"line":256,"column":16},"end":{"line":256,"column":46}},"90":{"start":{"line":258,"column":16},"end":{"line":258,"column":28}},"91":{"start":{"line":263,"column":27},"end":{"line":263,"column":112}},"92":{"start":{"line":264,"column":20},"end":{"line":264,"column":43}},"93":{"start":{"line":266,"column":8},"end":{"line":266,"column":33}},"94":{"start":{"line":266,"column":21},"end":{"line":266,"column":33}},"95":{"start":{"line":268,"column":21},"end":{"line":268,"column":37}},"96":{"start":{"line":269,"column":8},"end":{"line":269,"column":46}},"97":{"start":{"line":272,"column":8},"end":{"line":272,"column":56}},"98":{"start":{"line":273,"column":8},"end":{"line":273,"column":20}},"99":{"start":{"line":278,"column":19},"end":{"line":278,"column":30}},"100":{"start":{"line":279,"column":16},"end":{"line":279,"column":21}},"101":{"start":{"line":283,"column":4},"end":{"line":283,"column":45}},"102":{"start":{"line":284,"column":4},"end":{"line":284,"column":88}},"103":{"start":{"line":285,"column":4},"end":{"line":285,"column":88}},"104":{"start":{"line":286,"column":4},"end":{"line":286,"column":82}},"105":{"start":{"line":289,"column":23},"end":{"line":289,"column":82}},"106":{"start":{"line":290,"column":4},"end":{"line":290,"column":35}},"107":{"start":{"line":291,"column":4},"end":{"line":291,"column":70}},"108":{"start":{"line":294,"column":4},"end":{"line":294,"column":34}},"109":{"start":{"line":295,"column":17},"end":{"line":295,"column":85}},"110":{"start":{"line":296,"column":4},"end":{"line":300,"column":7}},"111":{"start":{"line":297,"column":21},"end":{"line":297,"column":51}},"112":{"start":{"line":298,"column":8},"end":{"line":298,"column":36}},"113":{"start":{"line":299,"column":8},"end":{"line":299,"column":41}},"114":{"start":{"line":304,"column":4},"end":{"line":304,"column":34}},"115":{"start":{"line":305,"column":23},"end":{"line":305,"column":64}},"116":{"start":{"line":307,"column":25},"end":{"line":307,"column":42}},"117":{"start":{"line":309,"column":4},"end":{"line":329,"column":7}},"118":{"start":{"line":310,"column":19},"end":{"line":310,"column":47}},"119":{"start":{"line":311,"column":8},"end":{"line":311,"column":36}},"120":{"start":{"line":313,"column":8},"end":{"line":322,"column":10}},"121":{"start":{"line":324,"column":8},"end":{"line":326,"column":11}},"122":{"start":{"line":325,"column":12},"end":{"line":325,"column":61}},"123":{"start":{"line":328,"column":8},"end":{"line":328,"column":39}},"124":{"start":{"line":334,"column":4},"end":{"line":334,"column":35}},"125":{"start":{"line":335,"column":24},"end":{"line":335,"column":68}},"126":{"start":{"line":338,"column":21},"end":{"line":360,"column":6}},"127":{"start":{"line":339,"column":20},"end":{"line":339,"column":49}},"128":{"start":{"line":340,"column":8},"end":{"line":340,"column":39}},"129":{"start":{"line":341,"column":8},"end":{"line":341,"column":127}},"130":{"start":{"line":342,"column":8},"end":{"line":342,"column":41}},"131":{"start":{"line":345,"column":8},"end":{"line":350,"column":9}},"132":{"start":{"line":346,"column":12},"end":{"line":346,"column":51}},"133":{"start":{"line":348,"column":28},"end":{"line":348,"column":61}},"134":{"start":{"line":349,"column":12},"end":{"line":349,"column":94}},"135":{"start":{"line":352,"column":20},"end":{"line":352,"column":44}},"136":{"start":{"line":353,"column":8},"end":{"line":353,"column":33}},"137":{"start":{"line":353,"column":16},"end":{"line":353,"column":33}},"138":{"start":{"line":355,"column":8},"end":{"line":359,"column":11}},"139":{"start":{"line":356,"column":12},"end":{"line":356,"column":48}},"140":{"start":{"line":357,"column":12},"end":{"line":357,"column":40}},"141":{"start":{"line":358,"column":12},"end":{"line":358,"column":60}},"142":{"start":{"line":362,"column":4},"end":{"line":362,"column":33}},"143":{"start":{"line":367,"column":18},"end":{"line":378,"column":1}},"144":{"start":{"line":383,"column":4},"end":{"line":383,"column":61}},"145":{"start":{"line":383,"column":54},"end":{"line":383,"column":61}},"146":{"start":{"line":385,"column":4},"end":{"line":385,"column":65}},"147":{"start":{"line":387,"column":4},"end":{"line":389,"column":5}},"148":{"start":{"line":388,"column":8},"end":{"line":388,"column":99}},"149":{"start":{"line":388,"column":61},"end":{"line":388,"column":97}},"150":{"start":{"line":392,"column":4},"end":{"line":397,"column":7}},"151":{"start":{"line":393,"column":25},"end":{"line":393,"column":46}},"152":{"start":{"line":394,"column":8},"end":{"line":396,"column":9}},"153":{"start":{"line":395,"column":12},"end":{"line":395,"column":73}},"154":{"start":{"line":399,"column":4},"end":{"line":399,"column":64}},"155":{"start":{"line":400,"column":4},"end":{"line":404,"column":7}},"156":{"start":{"line":401,"column":8},"end":{"line":401,"column":26}},"157":{"start":{"line":402,"column":8},"end":{"line":402,"column":25}},"158":{"start":{"line":403,"column":8},"end":{"line":403,"column":66}},"159":{"start":{"line":403,"column":34},"end":{"line":403,"column":66}},"160":{"start":{"line":410,"column":4},"end":{"line":410,"column":45}},"161":{"start":{"line":411,"column":4},"end":{"line":411,"column":35}},"162":{"start":{"line":412,"column":4},"end":{"line":412,"column":42}},"163":{"start":{"line":414,"column":4},"end":{"line":414,"column":39}},"164":{"start":{"line":415,"column":4},"end":{"line":415,"column":42}},"165":{"start":{"line":416,"column":4},"end":{"line":416,"column":30}},"166":{"start":{"line":417,"column":4},"end":{"line":417,"column":42}},"167":{"start":{"line":419,"column":4},"end":{"line":471,"column":5}},"168":{"start":{"line":420,"column":8},"end":{"line":423,"column":9}},"169":{"start":{"line":421,"column":12},"end":{"line":421,"column":33}},"170":{"start":{"line":422,"column":12},"end":{"line":422,"column":30}},"171":{"start":{"line":426,"column":26},"end":{"line":426,"column":65}},"172":{"start":{"line":430,"column":22},"end":{"line":430,"column":83}},"173":{"start":{"line":431,"column":26},"end":{"line":431,"column":68}},"174":{"start":{"line":433,"column":8},"end":{"line":433,"column":56}},"175":{"start":{"line":436,"column":27},"end":{"line":436,"column":55}},"176":{"start":{"line":438,"column":8},"end":{"line":465,"column":9}},"177":{"start":{"line":439,"column":26},"end":{"line":439,"column":44}},"178":{"start":{"line":441,"column":12},"end":{"line":441,"column":62}},"179":{"start":{"line":443,"column":12},"end":{"line":443,"column":45}},"180":{"start":{"line":444,"column":12},"end":{"line":444,"column":60}},"181":{"start":{"line":446,"column":12},"end":{"line":448,"column":13}},"182":{"start":{"line":447,"column":16},"end":{"line":447,"column":61}},"183":{"start":{"line":450,"column":12},"end":{"line":458,"column":13}},"184":{"start":{"line":451,"column":16},"end":{"line":451,"column":42}},"185":{"start":{"line":452,"column":16},"end":{"line":452,"column":33}},"186":{"start":{"line":453,"column":16},"end":{"line":453,"column":33}},"187":{"start":{"line":455,"column":16},"end":{"line":455,"column":108}},"188":{"start":{"line":456,"column":16},"end":{"line":456,"column":34}},"189":{"start":{"line":457,"column":16},"end":{"line":457,"column":33}},"190":{"start":{"line":459,"column":12},"end":{"line":459,"column":48}},"191":{"start":{"line":462,"column":12},"end":{"line":462,"column":64}},"192":{"start":{"line":463,"column":12},"end":{"line":463,"column":69}},"193":{"start":{"line":464,"column":12},"end":{"line":464,"column":48}},"194":{"start":{"line":468,"column":8},"end":{"line":468,"column":45}},"195":{"start":{"line":469,"column":8},"end":{"line":469,"column":61}},"196":{"start":{"line":470,"column":8},"end":{"line":470,"column":44}},"197":{"start":{"line":475,"column":4},"end":{"line":475,"column":34}},"198":{"start":{"line":475,"column":27},"end":{"line":475,"column":34}},"199":{"start":{"line":477,"column":4},"end":{"line":483,"column":5}},"200":{"start":{"line":478,"column":8},"end":{"line":478,"column":29}},"201":{"start":{"line":479,"column":8},"end":{"line":479,"column":26}},"202":{"start":{"line":481,"column":8},"end":{"line":481,"column":28}},"203":{"start":{"line":482,"column":8},"end":{"line":482,"column":25}},"204":{"start":{"line":484,"column":4},"end":{"line":484,"column":21}},"205":{"start":{"line":488,"column":4},"end":{"line":494,"column":5}},"206":{"start":{"line":489,"column":8},"end":{"line":489,"column":51}},"207":{"start":{"line":490,"column":8},"end":{"line":490,"column":55}},"208":{"start":{"line":492,"column":8},"end":{"line":492,"column":54}},"209":{"start":{"line":493,"column":8},"end":{"line":493,"column":52}},"210":{"start":{"line":498,"column":38},"end":{"line":498,"column":50}},"211":{"start":{"line":499,"column":4},"end":{"line":499,"column":32}},"212":{"start":{"line":499,"column":25},"end":{"line":499,"column":32}},"213":{"start":{"line":501,"column":20},"end":{"line":501,"column":50}},"214":{"start":{"line":502,"column":4},"end":{"line":502,"column":42}},"215":{"start":{"line":505,"column":23},"end":{"line":509,"column":5}},"216":{"start":{"line":506,"column":20},"end":{"line":506,"column":38}},"217":{"start":{"line":507,"column":20},"end":{"line":507,"column":38}},"218":{"start":{"line":508,"column":8},"end":{"line":508,"column":52}},"219":{"start":{"line":511,"column":4},"end":{"line":511,"column":61}},"220":{"start":{"line":519,"column":4},"end":{"line":540,"column":7}},"221":{"start":{"line":520,"column":23},"end":{"line":520,"column":55}},"222":{"start":{"line":522,"column":29},"end":{"line":522,"column":84}},"223":{"start":{"line":524,"column":8},"end":{"line":528,"column":10}},"224":{"start":{"line":525,"column":12},"end":{"line":525,"column":40}},"225":{"start":{"line":526,"column":12},"end":{"line":526,"column":46}},"226":{"start":{"line":527,"column":12},"end":{"line":527,"column":26}},"227":{"start":{"line":531,"column":26},"end":{"line":531,"column":55}},"228":{"start":{"line":532,"column":8},"end":{"line":532,"column":79}},"229":{"start":{"line":533,"column":8},"end":{"line":537,"column":10}},"230":{"start":{"line":534,"column":12},"end":{"line":534,"column":40}},"231":{"start":{"line":535,"column":12},"end":{"line":535,"column":46}},"232":{"start":{"line":536,"column":12},"end":{"line":536,"column":24}},"233":{"start":{"line":539,"column":8},"end":{"line":539,"column":42}},"234":{"start":{"line":543,"column":0},"end":{"line":564,"column":1}},"235":{"start":{"line":544,"column":4},"end":{"line":563,"column":6}},"236":{"start":{"line":558,"column":30},"end":{"line":558,"column":57}},"237":{"start":{"line":560,"column":12},"end":{"line":560,"column":33}},"238":{"start":{"line":561,"column":12},"end":{"line":561,"column":32}}},"fnMap":{"0":{"name":"cleanTrackTitle","decl":{"start":{"line":10,"column":9},"end":{"line":10,"column":24}},"loc":{"start":{"line":10,"column":36},"end":{"line":13,"column":1}},"line":10},"1":{"name":"formatTime","decl":{"start":{"line":18,"column":9},"end":{"line":18,"column":19}},"loc":{"start":{"line":18,"column":29},"end":{"line":23,"column":1}},"line":18},"2":{"name":"initApp","decl":{"start":{"line":58,"column":9},"end":{"line":58,"column":16}},"loc":{"start":{"line":58,"column":19},"end":{"line":62,"column":1}},"line":58},"3":{"name":"setupEventListeners","decl":{"start":{"line":64,"column":9},"end":{"line":64,"column":28}},"loc":{"start":{"line":64,"column":31},"end":{"line":76,"column":1}},"line":64},"4":{"name":"(anonymous_4)","decl":{"start":{"line":67,"column":49},"end":{"line":67,"column":50}},"loc":{"start":{"line":67,"column":56},"end":{"line":69,"column":5}},"line":67},"5":{"name":"(anonymous_5)","decl":{"start":{"line":72,"column":42},"end":{"line":72,"column":43}},"loc":{"start":{"line":72,"column":48},"end":{"line":75,"column":5}},"line":72},"6":{"name":"toggleView","decl":{"start":{"line":80,"column":9},"end":{"line":80,"column":19}},"loc":{"start":{"line":80,"column":30},"end":{"line":117,"column":1}},"line":80},"7":{"name":"renderSuggestions","decl":{"start":{"line":135,"column":9},"end":{"line":135,"column":26}},"loc":{"start":{"line":135,"column":29},"end":{"line":168,"column":1}},"line":135},"8":{"name":"(anonymous_8)","decl":{"start":{"line":140,"column":44},"end":{"line":140,"column":45}},"loc":{"start":{"line":140,"column":62},"end":{"line":165,"column":5}},"line":140},"9":{"name":"(anonymous_9)","decl":{"start":{"line":161,"column":39},"end":{"line":161,"column":40}},"loc":{"start":{"line":161,"column":45},"end":{"line":164,"column":9}},"line":161},"10":{"name":"handleSearch","decl":{"start":{"line":171,"column":15},"end":{"line":171,"column":27}},"loc":{"start":{"line":171,"column":30},"end":{"line":174,"column":1}},"line":171},"11":{"name":"loadArtistData","decl":{"start":{"line":177,"column":15},"end":{"line":177,"column":29}},"loc":{"start":{"line":177,"column":42},"end":{"line":217,"column":1}},"line":177},"12":{"name":"fetchLastFm","decl":{"start":{"line":220,"column":15},"end":{"line":220,"column":26}},"loc":{"start":{"line":220,"column":43},"end":{"line":230,"column":1}},"line":220},"13":{"name":"fetchWikiImage","decl":{"start":{"line":233,"column":15},"end":{"line":233,"column":29}},"loc":{"start":{"line":233,"column":42},"end":{"line":275,"column":1}},"line":233},"14":{"name":"renderArtistHeader","decl":{"start":{"line":282,"column":9},"end":{"line":282,"column":27}},"loc":{"start":{"line":282,"column":46},"end":{"line":301,"column":1}},"line":282},"15":{"name":"(anonymous_15)","decl":{"start":{"line":296,"column":29},"end":{"line":296,"column":30}},"loc":{"start":{"line":296,"column":36},"end":{"line":300,"column":5}},"line":296},"16":{"name":"renderTracks","decl":{"start":{"line":303,"column":9},"end":{"line":303,"column":21}},"loc":{"start":{"line":303,"column":42},"end":{"line":330,"column":1}},"line":303},"17":{"name":"(anonymous_17)","decl":{"start":{"line":309,"column":23},"end":{"line":309,"column":24}},"loc":{"start":{"line":309,"column":41},"end":{"line":329,"column":5}},"line":309},"18":{"name":"(anonymous_18)","decl":{"start":{"line":324,"column":37},"end":{"line":324,"column":38}},"loc":{"start":{"line":324,"column":43},"end":{"line":326,"column":9}},"line":324},"19":{"name":"renderSimilar","decl":{"start":{"line":333,"column":15},"end":{"line":333,"column":28}},"loc":{"start":{"line":333,"column":38},"end":{"line":363,"column":1}},"line":333},"20":{"name":"(anonymous_20)","decl":{"start":{"line":338,"column":37},"end":{"line":338,"column":38}},"loc":{"start":{"line":338,"column":55},"end":{"line":360,"column":5}},"line":338},"21":{"name":"(anonymous_21)","decl":{"start":{"line":355,"column":38},"end":{"line":355,"column":39}},"loc":{"start":{"line":355,"column":44},"end":{"line":359,"column":9}},"line":355},"22":{"name":"setupPlayerEvents","decl":{"start":{"line":381,"column":9},"end":{"line":381,"column":26}},"loc":{"start":{"line":381,"column":29},"end":{"line":405,"column":1}},"line":381},"23":{"name":"(anonymous_23)","decl":{"start":{"line":388,"column":54},"end":{"line":388,"column":55}},"loc":{"start":{"line":388,"column":61},"end":{"line":388,"column":97}},"line":388},"24":{"name":"(anonymous_24)","decl":{"start":{"line":392,"column":52},"end":{"line":392,"column":53}},"loc":{"start":{"line":392,"column":59},"end":{"line":397,"column":5}},"line":392},"25":{"name":"(anonymous_25)","decl":{"start":{"line":400,"column":43},"end":{"line":400,"column":44}},"loc":{"start":{"line":400,"column":49},"end":{"line":404,"column":5}},"line":400},"26":{"name":"initPlayer","decl":{"start":{"line":408,"column":15},"end":{"line":408,"column":25}},"loc":{"start":{"line":408,"column":47},"end":{"line":472,"column":1}},"line":408},"27":{"name":"togglePlayPause","decl":{"start":{"line":474,"column":9},"end":{"line":474,"column":24}},"loc":{"start":{"line":474,"column":27},"end":{"line":485,"column":1}},"line":474},"28":{"name":"updatePlayIcon","decl":{"start":{"line":487,"column":9},"end":{"line":487,"column":23}},"loc":{"start":{"line":487,"column":26},"end":{"line":495,"column":1}},"line":487},"29":{"name":"updateProgress","decl":{"start":{"line":497,"column":9},"end":{"line":497,"column":23}},"loc":{"start":{"line":497,"column":26},"end":{"line":512,"column":1}},"line":497},"30":{"name":"(anonymous_30)","decl":{"start":{"line":505,"column":23},"end":{"line":505,"column":24}},"loc":{"start":{"line":505,"column":30},"end":{"line":509,"column":5}},"line":505},"31":{"name":"fetchDeezer","decl":{"start":{"line":518,"column":9},"end":{"line":518,"column":20}},"loc":{"start":{"line":518,"column":26},"end":{"line":541,"column":1}},"line":518},"32":{"name":"(anonymous_32)","decl":{"start":{"line":519,"column":23},"end":{"line":519,"column":24}},"loc":{"start":{"line":519,"column":44},"end":{"line":540,"column":5}},"line":519},"33":{"name":"(anonymous_33)","decl":{"start":{"line":524,"column":31},"end":{"line":524,"column":32}},"loc":{"start":{"line":524,"column":46},"end":{"line":528,"column":9}},"line":524},"34":{"name":"(anonymous_34)","decl":{"start":{"line":533,"column":25},"end":{"line":533,"column":26}},"loc":{"start":{"line":533,"column":34},"end":{"line":537,"column":9}},"line":533},"35":{"name":"(anonymous_35)","decl":{"start":{"line":558,"column":23},"end":{"line":558,"column":24}},"loc":{"start":{"line":558,"column":30},"end":{"line":558,"column":57}},"line":558},"36":{"name":"(anonymous_36)","decl":{"start":{"line":559,"column":23},"end":{"line":559,"column":24}},"loc":{"start":{"line":559,"column":43},"end":{"line":562,"column":9}},"line":559}},"branchMap":{"0":{"loc":{"start":{"line":11,"column":4},"end":{"line":11,"column":30}},"type":"if","locations":[{"start":{"line":11,"column":4},"end":{"line":11,"column":30}},{"start":{},"end":{}}],"line":11},"1":{"loc":{"start":{"line":19,"column":4},"end":{"line":19,"column":53}},"type":"if","locations":[{"start":{"line":19,"column":4},"end":{"line":19,"column":53}},{"start":{},"end":{}}],"line":19},"2":{"loc":{"start":{"line":19,"column":8},"end":{"line":19,"column":37}},"type":"binary-expr","locations":[{"start":{"line":19,"column":8},"end":{"line":19,"column":22}},{"start":{"line":19,"column":26},"end":{"line":19,"column":37}}],"line":19},"3":{"loc":{"start":{"line":22,"column":21},"end":{"line":22,"column":47}},"type":"cond-expr","locations":[{"start":{"line":22,"column":32},"end":{"line":22,"column":41}},{"start":{"line":22,"column":44},"end":{"line":22,"column":47}}],"line":22},"4":{"loc":{"start":{"line":68,"column":8},"end":{"line":68,"column":46}},"type":"if","locations":[{"start":{"line":68,"column":8},"end":{"line":68,"column":46}},{"start":{},"end":{}}],"line":68},"5":{"loc":{"start":{"line":88,"column":4},"end":{"line":116,"column":5}},"type":"switch","locations":[{"start":{"line":89,"column":8},"end":{"line":105,"column":18}},{"start":{"line":107,"column":8},"end":{"line":111,"column":18}},{"start":{"line":113,"column":8},"end":{"line":115,"column":18}}],"line":88},"6":{"loc":{"start":{"line":94,"column":12},"end":{"line":104,"column":13}},"type":"if","locations":[{"start":{"line":94,"column":12},"end":{"line":104,"column":13}},{"start":{},"end":{}}],"line":94},"7":{"loc":{"start":{"line":94,"column":15},"end":{"line":94,"column":74}},"type":"binary-expr","locations":[{"start":{"line":94,"column":15},"end":{"line":94,"column":28}},{"start":{"line":94,"column":32},"end":{"line":94,"column":74}}],"line":94},"8":{"loc":{"start":{"line":99,"column":16},"end":{"line":103,"column":17}},"type":"if","locations":[{"start":{"line":99,"column":16},"end":{"line":103,"column":17}},{"start":{},"end":{}}],"line":99},"9":{"loc":{"start":{"line":99,"column":19},"end":{"line":99,"column":55}},"type":"binary-expr","locations":[{"start":{"line":99,"column":19},"end":{"line":99,"column":31}},{"start":{"line":99,"column":35},"end":{"line":99,"column":55}}],"line":99},"10":{"loc":{"start":{"line":152,"column":8},"end":{"line":157,"column":9}},"type":"if","locations":[{"start":{"line":152,"column":8},"end":{"line":157,"column":9}},{"start":{"line":154,"column":15},"end":{"line":157,"column":9}}],"line":152},"11":{"loc":{"start":{"line":156,"column":21},"end":{"line":156,"column":85}},"type":"binary-expr","locations":[{"start":{"line":156,"column":21},"end":{"line":156,"column":25}},{"start":{"line":156,"column":29},"end":{"line":156,"column":85}}],"line":156},"12":{"loc":{"start":{"line":173,"column":4},"end":{"line":173,"column":37}},"type":"if","locations":[{"start":{"line":173,"column":4},"end":{"line":173,"column":37}},{"start":{},"end":{}}],"line":173},"13":{"loc":{"start":{"line":187,"column":28},"end":{"line":187,"column":72}},"type":"cond-expr","locations":[{"start":{"line":187,"column":39},"end":{"line":187,"column":43}},{"start":{"line":187,"column":46},"end":{"line":187,"column":72}}],"line":187},"14":{"loc":{"start":{"line":198,"column":8},"end":{"line":200,"column":9}},"type":"if","locations":[{"start":{"line":198,"column":8},"end":{"line":200,"column":9}},{"start":{},"end":{}}],"line":198},"15":{"loc":{"start":{"line":202,"column":8},"end":{"line":202,"column":60}},"type":"if","locations":[{"start":{"line":202,"column":8},"end":{"line":202,"column":60}},{"start":{},"end":{}}],"line":202},"16":{"loc":{"start":{"line":249,"column":8},"end":{"line":260,"column":9}},"type":"if","locations":[{"start":{"line":249,"column":8},"end":{"line":260,"column":9}},{"start":{},"end":{}}],"line":249},"17":{"loc":{"start":{"line":255,"column":12},"end":{"line":259,"column":13}},"type":"if","locations":[{"start":{"line":255,"column":12},"end":{"line":259,"column":13}},{"start":{"line":257,"column":19},"end":{"line":259,"column":13}}],"line":255},"18":{"loc":{"start":{"line":266,"column":8},"end":{"line":266,"column":33}},"type":"if","locations":[{"start":{"line":266,"column":8},"end":{"line":266,"column":33}},{"start":{},"end":{}}],"line":266},"19":{"loc":{"start":{"line":269,"column":15},"end":{"line":269,"column":45}},"type":"binary-expr","locations":[{"start":{"line":269,"column":15},"end":{"line":269,"column":37}},{"start":{"line":269,"column":41},"end":{"line":269,"column":45}}],"line":269},"20":{"loc":{"start":{"line":286,"column":30},"end":{"line":286,"column":81}},"type":"binary-expr","locations":[{"start":{"line":286,"column":30},"end":{"line":286,"column":48}},{"start":{"line":286,"column":52},"end":{"line":286,"column":81}}],"line":286},"21":{"loc":{"start":{"line":289,"column":23},"end":{"line":289,"column":82}},"type":"binary-expr","locations":[{"start":{"line":289,"column":23},"end":{"line":289,"column":31}},{"start":{"line":289,"column":35},"end":{"line":289,"column":82}}],"line":289},"22":{"loc":{"start":{"line":295,"column":17},"end":{"line":295,"column":85}},"type":"cond-expr","locations":[{"start":{"line":295,"column":50},"end":{"line":295,"column":65}},{"start":{"line":295,"column":68},"end":{"line":295,"column":85}}],"line":295},"23":{"loc":{"start":{"line":305,"column":23},"end":{"line":305,"column":64}},"type":"cond-expr","locations":[{"start":{"line":305,"column":47},"end":{"line":305,"column":53}},{"start":{"line":305,"column":56},"end":{"line":305,"column":64}}],"line":305},"24":{"loc":{"start":{"line":335,"column":24},"end":{"line":335,"column":68}},"type":"cond-expr","locations":[{"start":{"line":335,"column":49},"end":{"line":335,"column":56}},{"start":{"line":335,"column":59},"end":{"line":335,"column":68}}],"line":335},"25":{"loc":{"start":{"line":345,"column":8},"end":{"line":350,"column":9}},"type":"if","locations":[{"start":{"line":345,"column":8},"end":{"line":350,"column":9}},{"start":{"line":347,"column":15},"end":{"line":350,"column":9}}],"line":345},"26":{"loc":{"start":{"line":349,"column":21},"end":{"line":349,"column":93}},"type":"binary-expr","locations":[{"start":{"line":349,"column":21},"end":{"line":349,"column":28}},{"start":{"line":349,"column":32},"end":{"line":349,"column":93}}],"line":349},"27":{"loc":{"start":{"line":353,"column":8},"end":{"line":353,"column":33}},"type":"if","locations":[{"start":{"line":353,"column":8},"end":{"line":353,"column":33}},{"start":{},"end":{}}],"line":353},"28":{"loc":{"start":{"line":383,"column":4},"end":{"line":383,"column":61}},"type":"if","locations":[{"start":{"line":383,"column":4},"end":{"line":383,"column":61}},{"start":{},"end":{}}],"line":383},"29":{"loc":{"start":{"line":383,"column":8},"end":{"line":383,"column":52}},"type":"binary-expr","locations":[{"start":{"line":383,"column":8},"end":{"line":383,"column":26}},{"start":{"line":383,"column":30},"end":{"line":383,"column":52}}],"line":383},"30":{"loc":{"start":{"line":387,"column":4},"end":{"line":389,"column":5}},"type":"if","locations":[{"start":{"line":387,"column":4},"end":{"line":389,"column":5}},{"start":{},"end":{}}],"line":387},"31":{"loc":{"start":{"line":394,"column":8},"end":{"line":396,"column":9}},"type":"if","locations":[{"start":{"line":394,"column":8},"end":{"line":396,"column":9}},{"start":{},"end":{}}],"line":394},"32":{"loc":{"start":{"line":403,"column":8},"end":{"line":403,"column":66}},"type":"if","locations":[{"start":{"line":403,"column":8},"end":{"line":403,"column":66}},{"start":{},"end":{}}],"line":403},"33":{"loc":{"start":{"line":420,"column":8},"end":{"line":423,"column":9}},"type":"if","locations":[{"start":{"line":420,"column":8},"end":{"line":423,"column":9}},{"start":{},"end":{}}],"line":420},"34":{"loc":{"start":{"line":438,"column":8},"end":{"line":465,"column":9}},"type":"if","locations":[{"start":{"line":438,"column":8},"end":{"line":465,"column":9}},{"start":{"line":461,"column":15},"end":{"line":465,"column":9}}],"line":438},"35":{"loc":{"start":{"line":438,"column":12},"end":{"line":438,"column":57}},"type":"binary-expr","locations":[{"start":{"line":438,"column":12},"end":{"line":438,"column":27}},{"start":{"line":438,"column":31},"end":{"line":438,"column":57}}],"line":438},"36":{"loc":{"start":{"line":446,"column":12},"end":{"line":448,"column":13}},"type":"if","locations":[{"start":{"line":446,"column":12},"end":{"line":448,"column":13}},{"start":{},"end":{}}],"line":446},"37":{"loc":{"start":{"line":446,"column":15},"end":{"line":446,"column":54}},"type":"binary-expr","locations":[{"start":{"line":446,"column":15},"end":{"line":446,"column":26}},{"start":{"line":446,"column":30},"end":{"line":446,"column":54}}],"line":446},"38":{"loc":{"start":{"line":475,"column":4},"end":{"line":475,"column":34}},"type":"if","locations":[{"start":{"line":475,"column":4},"end":{"line":475,"column":34}},{"start":{},"end":{}}],"line":475},"39":{"loc":{"start":{"line":477,"column":4},"end":{"line":483,"column":5}},"type":"if","locations":[{"start":{"line":477,"column":4},"end":{"line":483,"column":5}},{"start":{"line":480,"column":11},"end":{"line":483,"column":5}}],"line":477},"40":{"loc":{"start":{"line":488,"column":4},"end":{"line":494,"column":5}},"type":"if","locations":[{"start":{"line":488,"column":4},"end":{"line":494,"column":5}},{"start":{"line":491,"column":11},"end":{"line":494,"column":5}}],"line":488},"41":{"loc":{"start":{"line":499,"column":4},"end":{"line":499,"column":32}},"type":"if","locations":[{"start":{"line":499,"column":4},"end":{"line":499,"column":32}},{"start":{},"end":{}}],"line":499},"42":{"loc":{"start":{"line":508,"column":25},"end":{"line":508,"column":49}},"type":"cond-expr","locations":[{"start":{"line":508,"column":36},"end":{"line":508,"column":43}},{"start":{"line":508,"column":46},"end":{"line":508,"column":49}}],"line":508},"43":{"loc":{"start":{"line":531,"column":26},"end":{"line":531,"column":55}},"type":"cond-expr","locations":[{"start":{"line":531,"column":46},"end":{"line":531,"column":49}},{"start":{"line":531,"column":52},"end":{"line":531,"column":55}}],"line":531},"44":{"loc":{"start":{"line":543,"column":0},"end":{"line":564,"column":1}},"type":"if","locations":[{"start":{"line":543,"column":0},"end":{"line":564,"column":1}},{"start":{},"end":{}}],"line":543}},"s":{"0":11,"1":11,"2":1,"3":0,"4":1,"5":2,"6":1,"7":1,"8":1,"9":1,"10":11,"11":11,"12":11,"13":11,"14":11,"15":11,"16":11,"17":11,"18":0,"19":0,"20":11,"21":0,"22":0,"23":6,"24":6,"25":6,"26":6,"27":6,"28":0,"29":0,"30":0,"31":0,"32":0,"33":0,"34":0,"35":0,"36":3,"37":3,"38":3,"39":3,"40":3,"41":11,"42":11,"43":11,"44":110,"45":110,"46":110,"47":110,"48":110,"49":77,"50":33,"51":33,"52":110,"53":110,"54":1,"55":1,"56":11,"57":1,"58":1,"59":1,"60":3,"61":3,"62":3,"63":3,"64":3,"65":3,"66":3,"67":3,"68":0,"69":3,"70":3,"71":3,"72":3,"73":0,"74":0,"75":0,"76":0,"77":9,"78":9,"79":9,"80":9,"81":40,"82":40,"83":40,"84":40,"85":38,"86":38,"87":37,"88":37,"89":37,"90":0,"91":39,"92":39,"93":39,"94":0,"95":39,"96":39,"97":1,"98":1,"99":11,"100":11,"101":3,"102":3,"103":3,"104":3,"105":3,"106":3,"107":3,"108":3,"109":3,"110":3,"111":3,"112":3,"113":3,"114":3,"115":3,"116":3,"117":3,"118":3,"119":3,"120":3,"121":3,"122":0,"123":3,"124":3,"125":3,"126":3,"127":3,"128":3,"129":3,"130":3,"131":3,"132":0,"133":3,"134":3,"135":3,"136":3,"137":3,"138":3,"139":0,"140":0,"141":0,"142":3,"143":11,"144":13,"145":0,"146":13,"147":13,"148":13,"149":2,"150":13,"151":2,"152":2,"153":2,"154":13,"155":13,"156":1,"157":1,"158":1,"159":1,"160":0,"161":0,"162":0,"163":0,"164":0,"165":0,"166":0,"167":0,"168":0,"169":0,"170":0,"171":0,"172":0,"173":0,"174":0,"175":0,"176":0,"177":0,"178":0,"179":0,"180":0,"181":0,"182":0,"183":0,"184":0,"185":0,"186":0,"187":0,"188":0,"189":0,"190":0,"191":0,"192":0,"193":0,"194":0,"195":0,"196":0,"197":1,"198":0,"199":1,"200":0,"201":0,"202":1,"203":1,"204":1,"205":2,"206":1,"207":1,"208":1,"209":1,"210":0,"211":0,"212":0,"213":0,"214":0,"215":0,"216":0,"217":0,"218":0,"219":0,"220":2,"221":2,"222":2,"223":2,"224":1,"225":1,"226":0,"227":2,"228":2,"229":2,"230":1,"231":1,"232":0,"233":2,"234":11,"235":11,"236":2,"237":12,"238":12},"f":{"0":1,"1":2,"2":11,"3":11,"4":0,"5":0,"6":6,"7":11,"8":110,"9":1,"10":1,"11":3,"12":9,"13":40,"14":3,"15":3,"16":3,"17":3,"18":0,"19":3,"20":3,"21":0,"22":13,"23":2,"24":2,"25":1,"26":0,"27":1,"28":2,"29":0,"30":0,"31":2,"32":2,"33":1,"34":1,"35":2,"36":12},"b":{"0":[0,1],"1":[1,1],"2":[2,2],"3":[1,0],"4":[0,0],"5":[0,3,3],"6":[0,0],"7":[0,0],"8":[0,0],"9":[0,0],"10":[77,33],"11":[33,0],"12":[1,0],"13":[0,3],"14":[3,0],"15":[0,3],"16":[38,2],"17":[37,0],"18":[0,39],"19":[39,0],"20":[3,0],"21":[3,1],"22":[3,0],"23":[3,0],"24":[3,0],"25":[0,3],"26":[3,0],"27":[3,0],"28":[0,13],"29":[13,13],"30":[13,0],"31":[2,0],"32":[1,0],"33":[0,0],"34":[0,0],"35":[0,0],"36":[0,0],"37":[0,0],"38":[0,1],"39":[0,1],"40":[1,1],"41":[0,0],"42":[0,0],"43":[2,0],"44":[11,0]},"_coverageSchema":"1a1c01bbd47fc00a2c39e90264f33305004495a9","hash":"4c4d52d9c5bc472f668fabfc2e4bf173e10463eb"}
}
