TN:
SF:js\app.js
FN:10,cleanTrackTitle
FN:18,formatTime
FN:58,initApp
FN:64,setupEventListeners
FN:67,(anonymous_4)
FN:72,(anonymous_5)
FN:80,toggleView
FN:135,renderSuggestions
FN:140,(anonymous_8)
FN:161,(anonymous_9)
FN:171,handleSearch
FN:177,loadArtistData
FN:220,fetchLastFm
FN:233,fetchWikiImage
FN:282,renderArtistHeader
FN:296,(anonymous_15)
FN:303,renderTracks
FN:309,(anonymous_17)
FN:324,(anonymous_18)
FN:333,renderSimilar
FN:338,(anonymous_20)
FN:355,(anonymous_21)
FN:381,setupPlayerEvents
FN:388,(anonymous_23)
FN:392,(anonymous_24)
FN:400,(anonymous_25)
FN:408,initPlayer
FN:474,togglePlayPause
FN:487,updatePlayIcon
FN:497,updateProgress
FN:505,(anonymous_30)
FN:518,fetchDeezer
FN:519,(anonymous_32)
FN:524,(anonymous_33)
FN:533,(anonymous_34)
FN:558,(anonymous_35)
FN:559,(anonymous_36)
FNF:37
FNH:30
FNDA:1,cleanTrackTitle
FNDA:2,formatTime
FNDA:11,initApp
FNDA:11,setupEventListeners
FNDA:0,(anonymous_4)
FNDA:0,(anonymous_5)
FNDA:6,toggleView
FNDA:11,renderSuggestions
FNDA:110,(anonymous_8)
FNDA:1,(anonymous_9)
FNDA:1,handleSearch
FNDA:3,loadArtistData
FNDA:9,fetchLastFm
FNDA:40,fetchWikiImage
FNDA:3,renderArtistHeader
FNDA:3,(anonymous_15)
FNDA:3,renderTracks
FNDA:3,(anonymous_17)
FNDA:0,(anonymous_18)
FNDA:3,renderSimilar
FNDA:3,(anonymous_20)
FNDA:0,(anonymous_21)
FNDA:13,setupPlayerEvents
FNDA:2,(anonymous_23)
FNDA:2,(anonymous_24)
FNDA:1,(anonymous_25)
FNDA:0,initPlayer
FNDA:1,togglePlayPause
FNDA:2,updatePlayIcon
FNDA:0,updateProgress
FNDA:0,(anonymous_30)
FNDA:2,fetchDeezer
FNDA:2,(anonymous_32)
FNDA:1,(anonymous_33)
FNDA:1,(anonymous_34)
FNDA:2,(anonymous_35)
FNDA:12,(anonymous_36)
DA:2,11
DA:3,11
DA:11,1
DA:12,1
DA:19,2
DA:20,1
DA:21,1
DA:22,1
DA:26,11
DA:49,11
DA:56,11
DA:59,11
DA:60,11
DA:61,11
DA:66,11
DA:67,11
DA:68,0
DA:72,11
DA:73,0
DA:74,0
DA:82,6
DA:83,6
DA:84,6
DA:85,6
DA:88,6
DA:90,0
DA:94,0
DA:96,0
DA:99,0
DA:100,0
DA:101,0
DA:102,0
DA:105,0
DA:108,3
DA:110,3
DA:111,3
DA:114,3
DA:115,3
DA:121,11
DA:136,11
DA:140,11
DA:141,110
DA:142,110
DA:143,110
DA:149,110
DA:152,110
DA:153,77
DA:155,33
DA:156,33
DA:159,110
DA:161,110
DA:162,1
DA:163,1
DA:167,11
DA:172,1
DA:173,1
DA:178,3
DA:180,3
DA:183,3
DA:187,3
DA:190,3
DA:198,3
DA:199,3
DA:202,3
DA:205,3
DA:206,3
DA:207,3
DA:209,3
DA:212,0
DA:213,0
DA:214,0
DA:215,0
DA:221,9
DA:222,9
DA:228,9
DA:229,9
DA:234,40
DA:236,40
DA:246,40
DA:249,40
DA:250,38
DA:252,38
DA:253,37
DA:255,37
DA:256,37
DA:258,0
DA:263,39
DA:264,39
DA:266,39
DA:268,39
DA:269,39
DA:272,1
DA:273,1
DA:278,11
DA:279,11
DA:283,3
DA:284,3
DA:285,3
DA:286,3
DA:289,3
DA:290,3
DA:291,3
DA:294,3
DA:295,3
DA:296,3
DA:297,3
DA:298,3
DA:299,3
DA:304,3
DA:305,3
DA:307,3
DA:309,3
DA:310,3
DA:311,3
DA:313,3
DA:324,3
DA:325,0
DA:328,3
DA:334,3
DA:335,3
DA:338,3
DA:339,3
DA:340,3
DA:341,3
DA:342,3
DA:345,3
DA:346,0
DA:348,3
DA:349,3
DA:352,3
DA:353,3
DA:355,3
DA:356,0
DA:357,0
DA:358,0
DA:362,3
DA:367,11
DA:383,13
DA:385,13
DA:387,13
DA:388,13
DA:392,13
DA:393,2
DA:394,2
DA:395,2
DA:399,13
DA:400,13
DA:401,1
DA:402,1
DA:403,1
DA:410,0
DA:411,0
DA:412,0
DA:414,0
DA:415,0
DA:416,0
DA:417,0
DA:419,0
DA:420,0
DA:421,0
DA:422,0
DA:426,0
DA:430,0
DA:431,0
DA:433,0
DA:436,0
DA:438,0
DA:439,0
DA:441,0
DA:443,0
DA:444,0
DA:446,0
DA:447,0
DA:450,0
DA:451,0
DA:452,0
DA:453,0
DA:455,0
DA:456,0
DA:457,0
DA:459,0
DA:462,0
DA:463,0
DA:464,0
DA:468,0
DA:469,0
DA:470,0
DA:475,1
DA:477,1
DA:478,0
DA:479,0
DA:481,1
DA:482,1
DA:484,1
DA:488,2
DA:489,1
DA:490,1
DA:492,1
DA:493,1
DA:498,0
DA:499,0
DA:501,0
DA:502,0
DA:505,0
DA:506,0
DA:507,0
DA:508,0
DA:511,0
DA:519,2
DA:520,2
DA:522,2
DA:524,2
DA:525,1
DA:526,1
DA:527,0
DA:531,2
DA:532,2
DA:533,2
DA:534,1
DA:535,1
DA:536,0
DA:539,2
DA:543,11
DA:544,11
DA:558,2
DA:560,12
DA:561,12
LF:227
LH:156
BRDA:11,0,0,0
BRDA:11,0,1,1
BRDA:19,1,0,1
BRDA:19,1,1,1
BRDA:19,2,0,2
BRDA:19,2,1,2
BRDA:22,3,0,1
BRDA:22,3,1,0
BRDA:68,4,0,0
BRDA:68,4,1,0
BRDA:88,5,0,0
BRDA:88,5,1,3
BRDA:88,5,2,3
BRDA:94,6,0,0
BRDA:94,6,1,0
BRDA:94,7,0,0
BRDA:94,7,1,0
BRDA:99,8,0,0
BRDA:99,8,1,0
BRDA:99,9,0,0
BRDA:99,9,1,0
BRDA:152,10,0,77
BRDA:152,10,1,33
BRDA:156,11,0,33
BRDA:156,11,1,0
BRDA:173,12,0,1
BRDA:173,12,1,0
BRDA:187,13,0,0
BRDA:187,13,1,3
BRDA:198,14,0,3
BRDA:198,14,1,0
BRDA:202,15,0,0
BRDA:202,15,1,3
BRDA:249,16,0,38
BRDA:249,16,1,2
BRDA:255,17,0,37
BRDA:255,17,1,0
BRDA:266,18,0,0
BRDA:266,18,1,39
BRDA:269,19,0,39
BRDA:269,19,1,0
BRDA:286,20,0,3
BRDA:286,20,1,0
BRDA:289,21,0,3
BRDA:289,21,1,1
BRDA:295,22,0,3
BRDA:295,22,1,0
BRDA:305,23,0,3
BRDA:305,23,1,0
BRDA:335,24,0,3
BRDA:335,24,1,0
BRDA:345,25,0,0
BRDA:345,25,1,3
BRDA:349,26,0,3
BRDA:349,26,1,0
BRDA:353,27,0,3
BRDA:353,27,1,0
BRDA:383,28,0,0
BRDA:383,28,1,13
BRDA:383,29,0,13
BRDA:383,29,1,13
BRDA:387,30,0,13
BRDA:387,30,1,0
BRDA:394,31,0,2
BRDA:394,31,1,0
BRDA:403,32,0,1
BRDA:403,32,1,0
BRDA:420,33,0,0
BRDA:420,33,1,0
BRDA:438,34,0,0
BRDA:438,34,1,0
BRDA:438,35,0,0
BRDA:438,35,1,0
BRDA:446,36,0,0
BRDA:446,36,1,0
BRDA:446,37,0,0
BRDA:446,37,1,0
BRDA:475,38,0,0
BRDA:475,38,1,1
BRDA:477,39,0,0
BRDA:477,39,1,1
BRDA:488,40,0,1
BRDA:488,40,1,1
BRDA:499,41,0,0
BRDA:499,41,1,0
BRDA:508,42,0,0
BRDA:508,42,1,0
BRDA:531,43,0,2
BRDA:531,43,1,0
BRDA:543,44,0,11
BRDA:543,44,1,0
BRF:91
BRH:41
end_of_record
