TN:
SF:js\app.js
FN:10,cleanTrackTitle
FN:18,formatTime
FN:58,initApp
FN:64,setupEventListeners
FN:67,(anonymous_4)
FN:72,(anonymous_5)
FN:80,toggleView
FN:135,renderSuggestions
FN:140,(anonymous_8)
FN:161,(anonymous_9)
FN:175,handleSearch
FN:181,loadArtistData
FN:224,fetchLastFm
FN:237,fetchWikiImage
FN:286,renderArtistHeader
FN:300,(anonymous_15)
FN:307,renderTracks
FN:313,(anonymous_17)
FN:328,(anonymous_18)
FN:337,renderSimilar
FN:342,(anonymous_20)
FN:359,(anonymous_21)
FN:389,setupPlayerEvents
FN:396,(anonymous_23)
FN:400,(anonymous_24)
FN:408,(anonymous_25)
FN:416,initPlayer
FN:482,togglePlayPause
FN:495,updatePlayIcon
FN:505,updateProgress
FN:513,(anonymous_30)
FN:526,fetchDeezer
FN:527,(anonymous_32)
FN:532,(anonymous_33)
FN:545,(anonymous_34)
FN:576,(anonymous_35)
FN:577,(anonymous_36)
FNF:37
FNH:31
FNDA:1,cleanTrackTitle
FNDA:2,formatTime
FNDA:11,initApp
FNDA:11,setupEventListeners
FNDA:0,(anonymous_4)
FNDA:0,(anonymous_5)
FNDA:3,toggleView
FNDA:11,renderSuggestions
FNDA:110,(anonymous_8)
FNDA:1,(anonymous_9)
FNDA:1,handleSearch
FNDA:2,loadArtistData
FNDA:6,fetchLastFm
FNDA:37,fetchWikiImage
FNDA:1,renderArtistHeader
FNDA:1,(anonymous_15)
FNDA:1,renderTracks
FNDA:1,(anonymous_17)
FNDA:0,(anonymous_18)
FNDA:2,renderSimilar
FNDA:2,(anonymous_20)
FNDA:1,(anonymous_21)
FNDA:13,setupPlayerEvents
FNDA:2,(anonymous_23)
FNDA:2,(anonymous_24)
FNDA:1,(anonymous_25)
FNDA:0,initPlayer
FNDA:1,togglePlayPause
FNDA:4,updatePlayIcon
FNDA:0,updateProgress
FNDA:0,(anonymous_30)
FNDA:2,fetchDeezer
FNDA:2,(anonymous_32)
FNDA:1,(anonymous_33)
FNDA:1,(anonymous_34)
FNDA:2,(anonymous_35)
FNDA:13,(anonymous_36)
DA:2,11
DA:3,11
DA:11,1
DA:12,1
DA:19,2
DA:20,1
DA:21,1
DA:22,1
DA:26,11
DA:49,11
DA:56,11
DA:59,11
DA:60,11
DA:61,11
DA:66,11
DA:67,11
DA:68,0
DA:72,11
DA:73,0
DA:74,0
DA:82,3
DA:83,3
DA:84,3
DA:85,3
DA:88,3
DA:90,0
DA:94,0
DA:96,0
DA:99,0
DA:100,0
DA:101,0
DA:102,0
DA:105,0
DA:108,1
DA:110,1
DA:111,1
DA:114,2
DA:115,2
DA:121,11
DA:136,11
DA:140,11
DA:141,110
DA:142,110
DA:143,110
DA:149,110
DA:152,110
DA:153,77
DA:155,33
DA:156,33
DA:159,110
DA:161,110
DA:162,1
DA:163,1
DA:164,1
DA:166,0
DA:171,11
DA:176,1
DA:177,1
DA:182,2
DA:184,2
DA:187,2
DA:191,2
DA:194,2
DA:202,1
DA:203,1
DA:206,1
DA:209,1
DA:210,1
DA:211,1
DA:213,1
DA:216,1
DA:217,1
DA:218,1
DA:219,1
DA:225,6
DA:226,6
DA:232,6
DA:233,6
DA:238,37
DA:240,37
DA:250,37
DA:253,37
DA:254,35
DA:256,35
DA:257,34
DA:259,34
DA:260,34
DA:262,0
DA:267,36
DA:268,36
DA:270,36
DA:272,36
DA:273,36
DA:276,1
DA:277,1
DA:282,11
DA:283,11
DA:287,1
DA:288,1
DA:289,1
DA:290,1
DA:293,1
DA:294,1
DA:295,1
DA:298,1
DA:299,1
DA:300,1
DA:301,1
DA:302,1
DA:303,1
DA:308,1
DA:309,1
DA:311,1
DA:313,1
DA:314,1
DA:315,1
DA:317,1
DA:328,1
DA:329,0
DA:332,1
DA:338,2
DA:339,2
DA:342,2
DA:343,2
DA:344,2
DA:345,2
DA:346,2
DA:349,2
DA:350,1
DA:352,1
DA:353,1
DA:356,2
DA:357,2
DA:359,2
DA:360,1
DA:361,1
DA:362,1
DA:364,0
DA:366,1
DA:370,2
DA:375,11
DA:391,13
DA:393,13
DA:395,13
DA:396,13
DA:400,13
DA:401,2
DA:402,2
DA:403,2
DA:407,13
DA:408,13
DA:409,1
DA:410,1
DA:411,1
DA:418,0
DA:419,0
DA:420,0
DA:422,0
DA:423,0
DA:424,0
DA:425,0
DA:427,0
DA:428,0
DA:429,0
DA:430,0
DA:434,0
DA:438,0
DA:439,0
DA:441,0
DA:444,0
DA:446,0
DA:447,0
DA:449,0
DA:451,0
DA:452,0
DA:454,0
DA:455,0
DA:458,0
DA:459,0
DA:460,0
DA:461,0
DA:463,0
DA:464,0
DA:465,0
DA:467,0
DA:470,0
DA:471,0
DA:472,0
DA:476,0
DA:477,0
DA:478,0
DA:483,1
DA:485,1
DA:486,0
DA:487,0
DA:489,1
DA:490,1
DA:492,1
DA:496,4
DA:497,2
DA:498,2
DA:500,2
DA:501,2
DA:506,0
DA:507,0
DA:509,0
DA:510,0
DA:513,0
DA:514,0
DA:515,0
DA:516,0
DA:519,0
DA:527,2
DA:528,2
DA:530,2
DA:532,2
DA:533,1
DA:534,1
DA:535,1
DA:539,1
DA:543,2
DA:544,2
DA:545,2
DA:546,1
DA:547,1
DA:548,1
DA:552,1
DA:555,2
DA:559,11
DA:560,11
DA:576,2
DA:578,13
DA:579,13
DA:582,11
DA:583,11
LF:235
LH:172
BRDA:11,0,0,0
BRDA:11,0,1,1
BRDA:19,1,0,1
BRDA:19,1,1,1
BRDA:19,2,0,2
BRDA:19,2,1,2
BRDA:22,3,0,1
BRDA:22,3,1,0
BRDA:68,4,0,0
BRDA:68,4,1,0
BRDA:88,5,0,0
BRDA:88,5,1,1
BRDA:88,5,2,2
BRDA:94,6,0,0
BRDA:94,6,1,0
BRDA:94,7,0,0
BRDA:94,7,1,0
BRDA:99,8,0,0
BRDA:99,8,1,0
BRDA:99,9,0,0
BRDA:99,9,1,0
BRDA:152,10,0,77
BRDA:152,10,1,33
BRDA:156,11,0,33
BRDA:156,11,1,0
BRDA:163,12,0,1
BRDA:163,12,1,0
BRDA:163,13,0,1
BRDA:163,13,1,1
BRDA:163,13,2,1
BRDA:177,14,0,1
BRDA:177,14,1,0
BRDA:191,15,0,0
BRDA:191,15,1,2
BRDA:202,16,0,1
BRDA:202,16,1,0
BRDA:206,17,0,0
BRDA:206,17,1,1
BRDA:253,18,0,35
BRDA:253,18,1,2
BRDA:259,19,0,34
BRDA:259,19,1,0
BRDA:270,20,0,0
BRDA:270,20,1,36
BRDA:273,21,0,36
BRDA:273,21,1,0
BRDA:290,22,0,1
BRDA:290,22,1,0
BRDA:293,23,0,1
BRDA:293,23,1,0
BRDA:299,24,0,1
BRDA:299,24,1,0
BRDA:309,25,0,1
BRDA:309,25,1,0
BRDA:339,26,0,2
BRDA:339,26,1,0
BRDA:349,27,0,1
BRDA:349,27,1,1
BRDA:353,28,0,1
BRDA:353,28,1,0
BRDA:357,29,0,2
BRDA:357,29,1,0
BRDA:361,30,0,1
BRDA:361,30,1,0
BRDA:361,31,0,1
BRDA:361,31,1,1
BRDA:361,31,2,1
BRDA:391,32,0,0
BRDA:391,32,1,13
BRDA:391,33,0,13
BRDA:391,33,1,13
BRDA:395,34,0,13
BRDA:395,34,1,0
BRDA:402,35,0,2
BRDA:402,35,1,0
BRDA:411,36,0,1
BRDA:411,36,1,0
BRDA:428,37,0,0
BRDA:428,37,1,0
BRDA:446,38,0,0
BRDA:446,38,1,0
BRDA:446,39,0,0
BRDA:446,39,1,0
BRDA:454,40,0,0
BRDA:454,40,1,0
BRDA:454,41,0,0
BRDA:454,41,1,0
BRDA:483,42,0,0
BRDA:483,42,1,1
BRDA:485,43,0,0
BRDA:485,43,1,1
BRDA:496,44,0,2
BRDA:496,44,1,2
BRDA:507,45,0,0
BRDA:507,45,1,0
BRDA:516,46,0,0
BRDA:516,46,1,0
BRDA:535,47,0,0
BRDA:535,47,1,1
BRDA:535,48,0,1
BRDA:535,48,1,1
BRDA:543,49,0,2
BRDA:543,49,1,0
BRDA:548,50,0,0
BRDA:548,50,1,1
BRDA:548,51,0,1
BRDA:548,51,1,1
BRDA:559,52,0,11
BRDA:559,52,1,0
BRDA:583,53,0,11
BRDA:583,53,1,0
BRF:111
BRH:56
end_of_record
